{"meta": {"format": 3, "version": "7.15.4", "timestamp": "2026-08-09T23:38:59.874764", "branch_coverage": false, "show_contexts": false}, "files": {"src\\codepilot\\__init__.py": {"executed_lines": [], "summary": {"covered_lines": 0, "num_statements": 0, "percent_covered": 100.0, "percent_covered_display": "100", "missing_lines": 0, "excluded_lines": 0, "percent_statements_covered": 100.0, "percent_statements_covered_display": "100"}, "missing_lines": [], "excluded_lines": [], "functions": {"": {"executed_lines": [], "summary": {"covered_lines": 0, "num_statements": 0, "percent_covered": 100.0, "percent_covered_display": "100", "missing_lines": 0, "excluded_lines": 0, "percent_statements_covered": 100.0, "percent_statements_covered_display": "100"}, "missing_lines": [], "excluded_lines": [], "start_line": 1}}, "classes": {"": {"executed_lines": [], "summary": {"covered_lines": 0, "num_statements": 0, "percent_covered": 100.0, "percent_covered_display": "100", "missing_lines": 0, "excluded_lines": 0, "percent_statements_covered": 100.0, "percent_statements_covered_display": "100"}, "missing_lines": [], "excluded_lines": [], "start_line": 1}}}, "src\\codepilot\\analyzers\\__init__.py": {"executed_lines": [3, 12, 19], "summary": {"covered_lines": 3, "num_statements": 3, "percent_covered": 100.0, "percent_covered_display": "100", "missing_lines": 0, "excluded_lines": 0, "percent_statements_covered": 100.0, "percent_statements_covered_display": "100"}, "missing_lines": [], "excluded_lines": [], "functions": {"": {"executed_lines": [3, 12, 19], "summary": {"covered_lines": 3, "num_statements": 3, "percent_covered": 100.0, "percent_covered_display": "100", "missing_lines": 0, "excluded_lines": 0, "percent_statements_covered": 100.0, "percent_statements_covered_display": "100"}, "missing_lines": [], "excluded_lines": [], "start_line": 1}}, "classes": {"": {"executed_lines": [3, 12, 19], "summary": {"covered_lines": 3, "num_statements": 3, "percent_covered": 100.0, "percent_covered_display": "100", "missing_lines": 0, "excluded_lines": 0, "percent_statements_covered": 100.0, "percent_statements_covered_display": "100"}, "missing_lines": [], "excluded_lines": [], "start_line": 1}}}, "src\\codepilot\\analyzers\\dependency_graph.py": {"executed_lines": [3, 5, 6, 7, 8, 9, 11, 14, 15, 16, 17, 18, 19, 21, 22, 26, 27, 28, 29, 32, 33, 34, 35, 36, 37, 40, 41, 42, 43, 44, 45, 48, 49, 50, 51, 52, 53, 54, 55, 56, 58, 59, 61, 62, 70, 71, 72, 73, 74, 75, 77, 78, 83, 84, 85, 90, 91, 92, 93, 94, 95, 96, 97, 100, 101, 103, 104, 106, 107, 110, 111, 112, 113, 114, 115, 116, 119, 120, 121, 123, 124, 125, 141, 142, 151, 157, 158, 159, 160, 161, 164, 173, 174, 175, 176, 177, 178, 179, 180, 183, 186, 187, 188, 189, 190, 191, 194, 195, 196, 197, 198, 199, 201, 202, 203, 204, 205, 214, 215, 216, 219, 224, 235, 236, 237, 238, 243, 244, 245, 246, 247, 252, 255, 256, 257, 258, 259, 260, 261, 262, 263, 265, 267, 268, 269, 270, 271, 272, 273, 274, 275, 276, 277, 278, 279, 280, 281, 282, 283, 284, 285, 286, 289, 291, 292, 293, 294, 297, 303, 304, 305, 310, 324, 325, 340], "summary": {"covered_lines": 175, "num_statements": 195, "percent_covered": 89.74358974358974, "percent_covered_display": "90", "missing_lines": 20, "excluded_lines": 0, "percent_statements_covered": 89.74358974358974, "percent_statements_covered_display": "90"}, "missing_lines": [23, 60, 76, 86, 87, 105, 108, 109, 126, 127, 128, 129, 130, 131, 138, 239, 240, 248, 249, 326], "excluded_lines": [], "functions": {"GraphLimits.__post_init__": {"executed_lines": [22], "summary": {"covered_lines": 1, "num_statements": 2, "percent_covered": 50.0, "percent_covered_display": "50", "missing_lines": 1, "excluded_lines": 0, "percent_statements_covered": 50.0, "percent_statements_covered_display": "50"}, "missing_lines": [23], "excluded_lines": [], "start_line": 21}, "DependencyGraph.page": {"executed_lines": [59, 61, 62], "summary": {"covered_lines": 3, "num_statements": 4, "percent_covered": 75.0, "percent_covered_display": "75", "missing_lines": 1, "excluded_lines": 0, "percent_statements_covered": 75.0, "percent_statements_covered_display": "75"}, "missing_lines": [60], "excluded_lines": [], "start_line": 58}, "PythonImportExtractor.extract": {"executed_lines": [72, 73, 74, 75, 77, 78], "summary": {"covered_lines": 6, "num_statements": 7, "percent_covered": 85.71428571428571, "percent_covered_display": "86", "missing_lines": 1, "excluded_lines": 0, "percent_statements_covered": 85.71428571428571, "percent_statements_covered_display": "86"}, "missing_lines": [76], "excluded_lines": [], "start_line": 71}, "_parse_python_file": {"executed_lines": [84, 85], "summary": {"covered_lines": 2, "num_statements": 4, "percent_covered": 50.0, "percent_covered_display": "50", "missing_lines": 2, "excluded_lines": 0, "percent_statements_covered": 50.0, "percent_statements_covered_display": "50"}, "missing_lines": [86, 87], "excluded_lines": [], "start_line": 83}, "_python_import_modules": {"executed_lines": [91, 92, 93, 94, 95, 96, 97], "summary": {"covered_lines": 7, "num_statements": 7, "percent_covered": 100.0, "percent_covered_display": "100", "missing_lines": 0, "excluded_lines": 0, "percent_statements_covered": 100.0, "percent_statements_covered_display": "100"}, "missing_lines": [], "excluded_lines": [], "start_line": 90}, "TypeScriptImportExtractor.extract": {"executed_lines": [104, 106, 107, 110, 111, 112, 113, 114, 115, 116], "summary": {"covered_lines": 10, "num_statements": 13, "percent_covered": 76.92307692307692, "percent_covered_display": "77", "missing_lines": 3, "excluded_lines": 0, "percent_statements_covered": 76.92307692307692, "percent_statements_covered_display": "77"}, "missing_lines": [105, 108, 109], "excluded_lines": [], "start_line": 103}, "CSharpReferenceExtractor.extract": {"executed_lines": [124, 125], "summary": {"covered_lines": 2, "num_statements": 9, "percent_covered": 22.22222222222222, "percent_covered_display": "22", "missing_lines": 7, "excluded_lines": 0, "percent_statements_covered": 22.22222222222222, "percent_statements_covered_display": "22"}, "missing_lines": [126, 127, 128, 129, 130, 131, 138], "excluded_lines": [], "start_line": 123}, "_discover_graph_paths": {"executed_lines": [142], "summary": {"covered_lines": 1, "num_statements": 1, "percent_covered": 100.0, "percent_covered_display": "100", "missing_lines": 0, "excluded_lines": 0, "percent_statements_covered": 100.0, "percent_statements_covered_display": "100"}, "missing_lines": [], "excluded_lines": [], "start_line": 141}, "_extractor_for": {"executed_lines": [157, 158, 159, 160, 161], "summary": {"covered_lines": 5, "num_statements": 5, "percent_covered": 100.0, "percent_covered_display": "100", "missing_lines": 0, "excluded_lines": 0, "percent_statements_covered": 100.0, "percent_statements_covered_display": "100"}, "missing_lines": [], "excluded_lines": [], "start_line": 151}, "_collect_graph_edges": {"executed_lines": [173, 174, 175, 176, 177, 178, 179, 180], "summary": {"covered_lines": 8, "num_statements": 8, "percent_covered": 100.0, "percent_covered_display": "100", "missing_lines": 0, "excluded_lines": 0, "percent_statements_covered": 100.0, "percent_statements_covered_display": "100"}, "missing_lines": [], "excluded_lines": [], "start_line": 164}, "_calculate_degrees": {"executed_lines": [186, 187, 188, 189, 190, 191], "summary": {"covered_lines": 6, "num_statements": 6, "percent_covered": 100.0, "percent_covered_display": "100", "missing_lines": 0, "excluded_lines": 0, "percent_statements_covered": 100.0, "percent_statements_covered_display": "100"}, "missing_lines": [], "excluded_lines": [], "start_line": 183}, "DependencyGraphBuilder.__init__": {"executed_lines": [196, 197, 198, 199], "summary": {"covered_lines": 4, "num_statements": 4, "percent_covered": 100.0, "percent_covered_display": "100", "missing_lines": 0, "excluded_lines": 0, "percent_statements_covered": 100.0, "percent_statements_covered_display": "100"}, "missing_lines": [], "excluded_lines": [], "start_line": 195}, "DependencyGraphBuilder.build": {"executed_lines": [202, 203, 204, 205, 214, 215, 216, 219, 224], "summary": {"covered_lines": 9, "num_statements": 9, "percent_covered": 100.0, "percent_covered_display": "100", "missing_lines": 0, "excluded_lines": 0, "percent_statements_covered": 100.0, "percent_statements_covered_display": "100"}, "missing_lines": [], "excluded_lines": [], "start_line": 201}, "_python_target": {"executed_lines": [236, 237, 238], "summary": {"covered_lines": 3, "num_statements": 5, "percent_covered": 60.0, "percent_covered_display": "60", "missing_lines": 2, "excluded_lines": 0, "percent_statements_covered": 60.0, "percent_statements_covered_display": "60"}, "missing_lines": [239, 240], "excluded_lines": [], "start_line": 235}, "_javascript_target": {"executed_lines": [244, 245, 246, 247], "summary": {"covered_lines": 4, "num_statements": 6, "percent_covered": 66.66666666666667, "percent_covered_display": "67", "missing_lines": 2, "excluded_lines": 0, "percent_statements_covered": 66.66666666666667, "percent_statements_covered_display": "67"}, "missing_lines": [248, 249], "excluded_lines": [], "start_line": 243}, "_strongly_connected_components": {"executed_lines": [255, 256, 257, 258, 259, 260, 261, 262, 263, 265, 291, 292, 293, 294], "summary": {"covered_lines": 14, "num_statements": 14, "percent_covered": 100.0, "percent_covered_display": "100", "missing_lines": 0, "excluded_lines": 0, "percent_statements_covered": 100.0, "percent_statements_covered_display": "100"}, "missing_lines": [], "excluded_lines": [], "start_line": 252}, "_strongly_connected_components.visit": {"executed_lines": [267, 268, 269, 270, 271, 272, 273, 274, 275, 276, 277, 278, 279, 280, 281, 282, 283, 284, 285, 286, 289], "summary": {"covered_lines": 21, "num_statements": 21, "percent_covered": 100.0, "percent_covered_display": "100", "missing_lines": 0, "excluded_lines": 0, "percent_statements_covered": 100.0, "percent_statements_covered_display": "100"}, "missing_lines": [], "excluded_lines": [], "start_line": 265}, "_architecture_findings": {"executed_lines": [303, 304, 305, 310, 324, 325, 340], "summary": {"covered_lines": 7, "num_statements": 8, "percent_covered": 87.5, "percent_covered_display": "88", "missing_lines": 1, "excluded_lines": 0, "percent_statements_covered": 87.5, "percent_statements_covered_display": "88"}, "missing_lines": [326], "excluded_lines": [], "start_line": 297}, "": {"executed_lines": [3, 5, 6, 7, 8, 9, 11, 14, 15, 16, 17, 18, 19, 21, 26, 27, 28, 29, 32, 33, 34, 35, 36, 37, 40, 41, 42, 43, 44, 45, 48, 49, 50, 51, 52, 53, 54, 55, 56, 58, 70, 71, 83, 90, 100, 101, 103, 119, 120, 121, 123, 141, 151, 164, 183, 194, 195, 201, 235, 243, 252, 297], "summary": {"covered_lines": 62, "num_statements": 62, "percent_covered": 100.0, "percent_covered_display": "100", "missing_lines": 0, "excluded_lines": 0, "percent_statements_covered": 100.0, "percent_statements_covered_display": "100"}, "missing_lines": [], "excluded_lines": [], "start_line": 1}}, "classes": {"GraphLimits": {"executed_lines": [22], "summary": {"covered_lines": 1, "num_statements": 2, "percent_covered": 50.0, "percent_covered_display": "50", "missing_lines": 1, "excluded_lines": 0, "percent_statements_covered": 50.0, "percent_statements_covered_display": "50"}, "missing_lines": [23], "excluded_lines": [], "start_line": 15}, "GraphNode": {"executed_lines": [], "summary": {"covered_lines": 0, "num_statements": 0, "percent_covered": 100.0, "percent_covered_display": "100", "missing_lines": 0, "excluded_lines": 0, "percent_statements_covered": 100.0, "percent_statements_covered_display": "100"}, "missing_lines": [], "excluded_lines": [], "start_line": 27}, "GraphEdge": {"executed_lines": [], "summary": {"covered_lines": 0, "num_statements": 0, "percent_covered": 100.0, "percent_covered_display": "100", "missing_lines": 0, "excluded_lines": 0, "percent_statements_covered": 100.0, "percent_statements_covered_display": "100"}, "missing_lines": [], "excluded_lines": [], "start_line": 33}, "GraphPage": {"executed_lines": [], "summary": {"covered_lines": 0, "num_statements": 0, "percent_covered": 100.0, "percent_covered_display": "100", "missing_lines": 0, "excluded_lines": 0, "percent_statements_covered": 100.0, "percent_statements_covered_display": "100"}, "missing_lines": [], "excluded_lines": [], "start_line": 41}, "DependencyGraph": {"executed_lines": [59, 61, 62], "summary": {"covered_lines": 3, "num_statements": 4, "percent_covered": 75.0, "percent_covered_display": "75", "missing_lines": 1, "excluded_lines": 0, "percent_statements_covered": 75.0, "percent_statements_covered_display": "75"}, "missing_lines": [60], "excluded_lines": [], "start_line": 49}, "PythonImportExtractor": {"executed_lines": [72, 73, 74, 75, 77, 78], "summary": {"covered_lines": 6, "num_statements": 7, "percent_covered": 85.71428571428571, "percent_covered_display": "86", "missing_lines": 1, "excluded_lines": 0, "percent_statements_covered": 85.71428571428571, "percent_statements_covered_display": "86"}, "missing_lines": [76], "excluded_lines": [], "start_line": 70}, "TypeScriptImportExtractor": {"executed_lines": [104, 106, 107, 110, 111, 112, 113, 114, 115, 116], "summary": {"covered_lines": 10, "num_statements": 13, "percent_covered": 76.92307692307692, "percent_covered_display": "77", "missing_lines": 3, "excluded_lines": 0, "percent_statements_covered": 76.92307692307692, "percent_statements_covered_display": "77"}, "missing_lines": [105, 108, 109], "excluded_lines": [], "start_line": 100}, "CSharpReferenceExtractor": {"executed_lines": [124, 125], "summary": {"covered_lines": 2, "num_statements": 9, "percent_covered": 22.22222222222222, "percent_covered_display": "22", "missing_lines": 7, "excluded_lines": 0, "percent_statements_covered": 22.22222222222222, "percent_statements_covered_display": "22"}, "missing_lines": [126, 127, 128, 129, 130, 131, 138], "excluded_lines": [], "start_line": 119}, "DependencyGraphBuilder": {"executed_lines": [196, 197, 198, 199, 202, 203, 204, 205, 214, 215, 216, 219, 224], "summary": {"covered_lines": 13, "num_statements": 13, "percent_covered": 100.0, "percent_covered_display": "100", "missing_lines": 0, "excluded_lines": 0, "percent_statements_covered": 100.0, "percent_statements_covered_display": "100"}, "missing_lines": [], "excluded_lines": [], "start_line": 194}, "": {"executed_lines": [3, 5, 6, 7, 8, 9, 11, 14, 15, 16, 17, 18, 19, 21, 26, 27, 28, 29, 32, 33, 34, 35, 36, 37, 40, 41, 42, 43, 44, 45, 48, 49, 50, 51, 52, 53, 54, 55, 56, 58, 70, 71, 83, 84, 85, 90, 91, 92, 93, 94, 95, 96, 97, 100, 101, 103, 119, 120, 121, 123, 141, 142, 151, 157, 158, 159, 160, 161, 164, 173, 174, 175, 176, 177, 178, 179, 180, 183, 186, 187, 188, 189, 190, 191, 194, 195, 201, 235, 236, 237, 238, 243, 244, 245, 246, 247, 252, 255, 256, 257, 258, 259, 260, 261, 262, 263, 265, 267, 268, 269, 270, 271, 272, 273, 274, 275, 276, 277, 278, 279, 280, 281, 282, 283, 284, 285, 286, 289, 291, 292, 293, 294, 297, 303, 304, 305, 310, 324, 325, 340], "summary": {"covered_lines": 140, "num_statements": 147, "percent_covered": 95.23809523809524, "percent_covered_display": "95", "missing_lines": 7, "excluded_lines": 0, "percent_statements_covered": 95.23809523809524, "percent_statements_covered_display": "95"}, "missing_lines": [86, 87, 239, 240, 248, 249, 326], "excluded_lines": [], "start_line": 1}}}, "src\\codepilot\\analyzers\\framework.py": {"executed_lines": [3, 5, 6, 7, 8, 9, 10, 11, 14, 15, 18, 19, 20, 21, 22, 25, 26, 29, 30, 33, 34, 37, 38, 39, 40, 41, 42, 43, 44, 45, 46, 47, 49, 50, 51, 61, 62, 65, 66, 69, 70, 71, 72, 73, 76, 77, 80, 81, 82, 83, 84, 87, 88, 91, 92, 93, 96, 97, 100, 101, 102, 105, 109, 110, 115, 118, 119, 121, 122, 123, 124, 125, 127, 128, 131, 132, 135, 136, 137, 138, 141, 144, 145, 147, 148, 150, 151, 152, 153, 154, 155, 156, 157, 160, 161, 168, 169, 170, 171, 178, 179, 180, 181, 182, 194, 195], "summary": {"covered_lines": 106, "num_statements": 107, "percent_covered": 99.06542056074767, "percent_covered_display": "99", "missing_lines": 1, "excluded_lines": 4, "percent_statements_covered": 99.06542056074767, "percent_statements_covered_display": "99"}, "missing_lines": [146], "excluded_lines": [111, 112, 113, 114], "functions": {"NormalizedFinding.fingerprint": {"executed_lines": [51, 61, 62], "summary": {"covered_lines": 3, "num_statements": 3, "percent_covered": 100.0, "percent_covered_display": "100", "missing_lines": 0, "excluded_lines": 0, "percent_statements_covered": 100.0, "percent_statements_covered_display": "100"}, "missing_lines": [], "excluded_lines": [], "start_line": 50}, "Analyzer.analyze": {"executed_lines": [], "summary": {"covered_lines": 0, "num_statements": 0, "percent_covered": 100.0, "percent_covered_display": "100", "missing_lines": 0, "excluded_lines": 1, "percent_statements_covered": 100.0, "percent_statements_covered_display": "100"}, "missing_lines": [], "excluded_lines": [112], "start_line": 112}, "AnalyzerRegistry.__init__": {"executed_lines": [119], "summary": {"covered_lines": 1, "num_statements": 1, "percent_covered": 100.0, "percent_covered_display": "100", "missing_lines": 0, "excluded_lines": 0, "percent_statements_covered": 100.0, "percent_statements_covered_display": "100"}, "missing_lines": [], "excluded_lines": [], "start_line": 118}, "AnalyzerRegistry.register": {"executed_lines": [122, 123, 124, 125], "summary": {"covered_lines": 4, "num_statements": 4, "percent_covered": 100.0, "percent_covered_display": "100", "missing_lines": 0, "excluded_lines": 0, "percent_statements_covered": 100.0, "percent_statements_covered_display": "100"}, "missing_lines": [], "excluded_lines": [], "start_line": 121}, "AnalyzerRegistry.__iter__": {"executed_lines": [128], "summary": {"covered_lines": 1, "num_statements": 1, "percent_covered": 100.0, "percent_covered_display": "100", "missing_lines": 0, "excluded_lines": 0, "percent_statements_covered": 100.0, "percent_statements_covered_display": "100"}, "missing_lines": [], "excluded_lines": [], "start_line": 127}, "DeterministicAnalyzerOrchestrator.__init__": {"executed_lines": [145, 147, 148], "summary": {"covered_lines": 3, "num_statements": 4, "percent_covered": 75.0, "percent_covered_display": "75", "missing_lines": 1, "excluded_lines": 0, "percent_statements_covered": 75.0, "percent_statements_covered_display": "75"}, "missing_lines": [146], "excluded_lines": [], "start_line": 144}, "DeterministicAnalyzerOrchestrator.run": {"executed_lines": [151, 152, 153, 154, 155, 156, 157, 160, 161, 168, 169, 170, 171, 178, 179, 180, 181, 182, 194, 195], "summary": {"covered_lines": 20, "num_statements": 20, "percent_covered": 100.0, "percent_covered_display": "100", "missing_lines": 0, "excluded_lines": 0, "percent_statements_covered": 100.0, "percent_statements_covered_display": "100"}, "missing_lines": [], "excluded_lines": [], "start_line": 150}, "": {"executed_lines": [3, 5, 6, 7, 8, 9, 10, 11, 14, 15, 18, 19, 20, 21, 22, 25, 26, 29, 30, 33, 34, 37, 38, 39, 40, 41, 42, 43, 44, 45, 46, 47, 49, 50, 65, 66, 69, 70, 71, 72, 73, 76, 77, 80, 81, 82, 83, 84, 87, 88, 91, 92, 93, 96, 97, 100, 101, 102, 105, 109, 110, 115, 118, 121, 127, 131, 132, 135, 136, 137, 138, 141, 144, 150], "summary": {"covered_lines": 74, "num_statements": 74, "percent_covered": 100.0, "percent_covered_display": "100", "missing_lines": 0, "excluded_lines": 3, "percent_statements_covered": 100.0, "percent_statements_covered_display": "100"}, "missing_lines": [], "excluded_lines": [111, 113, 114], "start_line": 1}}, "classes": {"AnalyzerMetadata": {"executed_lines": [], "summary": {"covered_lines": 0, "num_statements": 0, "percent_covered": 100.0, "percent_covered_display": "100", "missing_lines": 0, "excluded_lines": 0, "percent_statements_covered": 100.0, "percent_statements_covered_display": "100"}, "missing_lines": [], "excluded_lines": [], "start_line": 15}, "AnalyzerContext": {"executed_lines": [], "summary": {"covered_lines": 0, "num_statements": 0, "percent_covered": 100.0, "percent_covered_display": "100", "missing_lines": 0, "excluded_lines": 0, "percent_statements_covered": 100.0, "percent_statements_covered_display": "100"}, "missing_lines": [], "excluded_lines": [], "start_line": 26}, "NormalizedFinding": {"executed_lines": [51, 61, 62], "summary": {"covered_lines": 3, "num_statements": 3, "percent_covered": 100.0, "percent_covered_display": "100", "missing_lines": 0, "excluded_lines": 0, "percent_statements_covered": 100.0, "percent_statements_covered_display": "100"}, "missing_lines": [], "excluded_lines": [], "start_line": 34}, "AnalyzerMetrics": {"executed_lines": [], "summary": {"covered_lines": 0, "num_statements": 0, "percent_covered": 100.0, "percent_covered_display": "100", "missing_lines": 0, "excluded_lines": 0, "percent_statements_covered": 100.0, "percent_statements_covered_display": "100"}, "missing_lines": [], "excluded_lines": [], "start_line": 66}, "AnalyzerExecution": {"executed_lines": [], "summary": {"covered_lines": 0, "num_statements": 0, "percent_covered": 100.0, "percent_covered_display": "100", "missing_lines": 0, "excluded_lines": 0, "percent_statements_covered": 100.0, "percent_statements_covered_display": "100"}, "missing_lines": [], "excluded_lines": [], "start_line": 77}, "AnalyzerResult": {"executed_lines": [], "summary": {"covered_lines": 0, "num_statements": 0, "percent_covered": 100.0, "percent_covered_display": "100", "missing_lines": 0, "excluded_lines": 0, "percent_statements_covered": 100.0, "percent_statements_covered_display": "100"}, "missing_lines": [], "excluded_lines": [], "start_line": 88}, "AnalyzerFailure": {"executed_lines": [], "summary": {"covered_lines": 0, "num_statements": 0, "percent_covered": 100.0, "percent_covered_display": "100", "missing_lines": 0, "excluded_lines": 0, "percent_statements_covered": 100.0, "percent_statements_covered_display": "100"}, "missing_lines": [], "excluded_lines": [], "start_line": 97}, "AnalyzerTimeoutError": {"executed_lines": [], "summary": {"covered_lines": 0, "num_statements": 0, "percent_covered": 100.0, "percent_covered_display": "100", "missing_lines": 0, "excluded_lines": 0, "percent_statements_covered": 100.0, "percent_statements_covered_display": "100"}, "missing_lines": [], "excluded_lines": [], "start_line": 105}, "Analyzer": {"executed_lines": [], "summary": {"covered_lines": 0, "num_statements": 0, "percent_covered": 100.0, "percent_covered_display": "100", "missing_lines": 0, "excluded_lines": 1, "percent_statements_covered": 100.0, "percent_statements_covered_display": "100"}, "missing_lines": [], "excluded_lines": [112], "start_line": 109}, "AnalyzerRegistry": {"executed_lines": [119, 122, 123, 124, 125, 128], "summary": {"covered_lines": 6, "num_statements": 6, "percent_covered": 100.0, "percent_covered_display": "100", "missing_lines": 0, "excluded_lines": 0, "percent_statements_covered": 100.0, "percent_statements_covered_display": "100"}, "missing_lines": [], "excluded_lines": [], "start_line": 115}, "AnalyzerRun": {"executed_lines": [], "summary": {"covered_lines": 0, "num_statements": 0, "percent_covered": 100.0, "percent_covered_display": "100", "missing_lines": 0, "excluded_lines": 0, "percent_statements_covered": 100.0, "percent_statements_covered_display": "100"}, "missing_lines": [], "excluded_lines": [], "start_line": 132}, "DeterministicAnalyzerOrchestrator": {"executed_lines": [145, 147, 148, 151, 152, 153, 154, 155, 156, 157, 160, 161, 168, 169, 170, 171, 178, 179, 180, 181, 182, 194, 195], "summary": {"covered_lines": 23, "num_statements": 24, "percent_covered": 95.83333333333333, "percent_covered_display": "96", "missing_lines": 1, "excluded_lines": 0, "percent_statements_covered": 95.83333333333333, "percent_statements_covered_display": "96"}, "missing_lines": [146], "excluded_lines": [], "start_line": 141}, "": {"executed_lines": [3, 5, 6, 7, 8, 9, 10, 11, 14, 15, 18, 19, 20, 21, 22, 25, 26, 29, 30, 33, 34, 37, 38, 39, 40, 41, 42, 43, 44, 45, 46, 47, 49, 50, 65, 66, 69, 70, 71, 72, 73, 76, 77, 80, 81, 82, 83, 84, 87, 88, 91, 92, 93, 96, 97, 100, 101, 102, 105, 109, 110, 115, 118, 121, 127, 131, 132, 135, 136, 137, 138, 141, 144, 150], "summary": {"covered_lines": 74, "num_statements": 74, "percent_covered": 100.0, "percent_covered_display": "100", "missing_lines": 0, "excluded_lines": 3, "percent_statements_covered": 100.0, "percent_statements_covered_display": "100"}, "missing_lines": [], "excluded_lines": [111, 113, 114], "start_line": 1}}}, "src\\codepilot\\analyzers\\generic.py": {"executed_lines": [3, 5, 6, 8, 17, 18, 21, 24, 25, 26, 27, 28, 29, 30, 31, 32, 33, 36, 37, 38, 39, 40, 43, 44, 47, 48, 57, 58, 60, 61, 62, 63, 64, 65, 66, 67, 81, 88, 89, 96, 97, 99, 100, 101, 102, 103, 105, 106, 107, 108, 123, 129, 130, 137, 138, 139, 140, 141, 142, 143, 144, 145, 146, 147], "summary": {"covered_lines": 64, "num_statements": 67, "percent_covered": 95.5223880597015, "percent_covered_display": "96", "missing_lines": 3, "excluded_lines": 0, "percent_statements_covered": 95.5223880597015, "percent_statements_covered_display": "96"}, "missing_lines": [34, 35, 104], "excluded_lines": [], "functions": {"_iter_source_files": {"executed_lines": [25, 26, 27, 28, 29, 30, 31, 32, 33, 36, 37, 38, 39, 40], "summary": {"covered_lines": 14, "num_statements": 16, "percent_covered": 87.5, "percent_covered_display": "88", "missing_lines": 2, "excluded_lines": 0, "percent_statements_covered": 87.5, "percent_statements_covered_display": "88"}, "missing_lines": [34, 35], "excluded_lines": [], "start_line": 24}, "_relative": {"executed_lines": [44], "summary": {"covered_lines": 1, "num_statements": 1, "percent_covered": 100.0, "percent_covered_display": "100", "missing_lines": 0, "excluded_lines": 0, "percent_statements_covered": 100.0, "percent_statements_covered_display": "100"}, "missing_lines": [], "excluded_lines": [], "start_line": 43}, "LargeSourceFileAnalyzer.__init__": {"executed_lines": [58], "summary": {"covered_lines": 1, "num_statements": 1, "percent_covered": 100.0, "percent_covered_display": "100", "missing_lines": 0, "excluded_lines": 0, "percent_statements_covered": 100.0, "percent_statements_covered_display": "100"}, "missing_lines": [], "excluded_lines": [], "start_line": 57}, "LargeSourceFileAnalyzer.analyze": {"executed_lines": [61, 62, 63, 64, 65, 66, 67, 81], "summary": {"covered_lines": 8, "num_statements": 8, "percent_covered": 100.0, "percent_covered_display": "100", "missing_lines": 0, "excluded_lines": 0, "percent_statements_covered": 100.0, "percent_statements_covered_display": "100"}, "missing_lines": [], "excluded_lines": [], "start_line": 60}, "LongLineAnalyzer.__init__": {"executed_lines": [97], "summary": {"covered_lines": 1, "num_statements": 1, "percent_covered": 100.0, "percent_covered_display": "100", "missing_lines": 0, "excluded_lines": 0, "percent_statements_covered": 100.0, "percent_statements_covered_display": "100"}, "missing_lines": [], "excluded_lines": [], "start_line": 96}, "LongLineAnalyzer.analyze": {"executed_lines": [100, 101, 102, 103, 105, 106, 107, 108, 123], "summary": {"covered_lines": 9, "num_statements": 10, "percent_covered": 90.0, "percent_covered_display": "90", "missing_lines": 1, "excluded_lines": 0, "percent_statements_covered": 90.0, "percent_statements_covered_display": "90"}, "missing_lines": [104], "excluded_lines": [], "start_line": 99}, "BasicFileMetricsAnalyzer.analyze": {"executed_lines": [138, 139, 140, 141, 142, 143, 144, 145, 146, 147], "summary": {"covered_lines": 10, "num_statements": 10, "percent_covered": 100.0, "percent_covered_display": "100", "missing_lines": 0, "excluded_lines": 0, "percent_statements_covered": 100.0, "percent_statements_covered_display": "100"}, "missing_lines": [], "excluded_lines": [], "start_line": 137}, "": {"executed_lines": [3, 5, 6, 8, 17, 18, 21, 24, 43, 47, 48, 57, 60, 88, 89, 96, 99, 129, 130, 137], "summary": {"covered_lines": 20, "num_statements": 20, "percent_covered": 100.0, "percent_covered_display": "100", "missing_lines": 0, "excluded_lines": 0, "percent_statements_covered": 100.0, "percent_statements_covered_display": "100"}, "missing_lines": [], "excluded_lines": [], "start_line": 1}}, "classes": {"LargeSourceFileAnalyzer": {"executed_lines": [58, 61, 62, 63, 64, 65, 66, 67, 81], "summary": {"covered_lines": 9, "num_statements": 9, "percent_covered": 100.0, "percent_covered_display": "100", "missing_lines": 0, "excluded_lines": 0, "percent_statements_covered": 100.0, "percent_statements_covered_display": "100"}, "missing_lines": [], "excluded_lines": [], "start_line": 47}, "LongLineAnalyzer": {"executed_lines": [97, 100, 101, 102, 103, 105, 106, 107, 108, 123], "summary": {"covered_lines": 10, "num_statements": 11, "percent_covered": 90.9090909090909, "percent_covered_display": "91", "missing_lines": 1, "excluded_lines": 0, "percent_statements_covered": 90.9090909090909, "percent_statements_covered_display": "91"}, "missing_lines": [104], "excluded_lines": [], "start_line": 88}, "BasicFileMetricsAnalyzer": {"executed_lines": [138, 139, 140, 141, 142, 143, 144, 145, 146, 147], "summary": {"covered_lines": 10, "num_statements": 10, "percent_covered": 100.0, "percent_covered_display": "100", "missing_lines": 0, "excluded_lines": 0, "percent_statements_covered": 100.0, "percent_statements_covered_display": "100"}, "missing_lines": [], "excluded_lines": [], "start_line": 129}, "": {"executed_lines": [3, 5, 6, 8, 17, 18, 21, 24, 25, 26, 27, 28, 29, 30, 31, 32, 33, 36, 37, 38, 39, 40, 43, 44, 47, 48, 57, 60, 88, 89, 96, 99, 129, 130, 137], "summary": {"covered_lines": 35, "num_statements": 37, "percent_covered": 94.5945945945946, "percent_covered_display": "95", "missing_lines": 2, "excluded_lines": 0, "percent_statements_covered": 94.5945945945946, "percent_statements_covered_display": "95"}, "missing_lines": [34, 35], "excluded_lines": [], "start_line": 1}}}, "src\\codepilot\\analyzers\\git_history.py": {"executed_lines": [3, 5, 6, 7, 8, 9, 10, 11, 12, 15, 19, 20, 21, 22, 23, 24, 26, 27, 28, 29, 33, 34, 35, 36, 37, 38, 39, 40, 41, 42, 43, 44, 45, 48, 49, 50, 52, 53, 55, 63, 71, 72, 75, 78, 82, 85, 86, 88, 96, 97, 98, 99, 100, 110, 111, 112, 114, 125, 126, 134, 135, 136, 138, 141, 142, 143, 144, 145, 146, 147, 148, 149, 152, 153, 156, 157, 158, 159, 160, 162, 163, 166, 169, 170, 171, 172, 173, 174, 175, 176, 179, 180, 183, 186, 187, 188, 189, 190, 193, 200, 206, 214, 215, 216, 217, 218, 219, 224, 242, 243, 248, 250], "summary": {"covered_lines": 112, "num_statements": 129, "percent_covered": 86.82170542635659, "percent_covered_display": "87", "missing_lines": 17, "excluded_lines": 6, "percent_statements_covered": 86.82170542635659, "percent_statements_covered_display": "87"}, "missing_lines": [30, 54, 73, 76, 79, 113, 137, 150, 151, 161, 177, 178, 244, 245, 246, 247, 249], "excluded_lines": [65, 66, 67, 68, 69, 70], "functions": {"GitHistoryConfig.__post_init__": {"executed_lines": [27, 28, 29], "summary": {"covered_lines": 3, "num_statements": 4, "percent_covered": 75.0, "percent_covered_display": "75", "missing_lines": 1, "excluded_lines": 0, "percent_statements_covered": 75.0, "percent_statements_covered_display": "75"}, "missing_lines": [30], "excluded_lines": [], "start_line": 26}, "GitHistoryMetrics.top_hotspots": {"executed_lines": [53, 55], "summary": {"covered_lines": 2, "num_statements": 3, "percent_covered": 66.66666666666667, "percent_covered_display": "67", "missing_lines": 1, "excluded_lines": 0, "percent_statements_covered": 66.66666666666667, "percent_statements_covered_display": "67"}, "missing_lines": [54], "excluded_lines": [], "start_line": 52}, "HistoryMetricStore.save": {"executed_lines": [], "summary": {"covered_lines": 0, "num_statements": 0, "percent_covered": 100.0, "percent_covered_display": "100", "missing_lines": 0, "excluded_lines": 1, "percent_statements_covered": 100.0, "percent_statements_covered_display": "100"}, "missing_lines": [], "excluded_lines": [66], "start_line": 66}, "HistoryMetricStore.get": {"executed_lines": [], "summary": {"covered_lines": 0, "num_statements": 0, "percent_covered": 100.0, "percent_covered_display": "100", "missing_lines": 0, "excluded_lines": 1, "percent_statements_covered": 100.0, "percent_statements_covered_display": "100"}, "missing_lines": [], "excluded_lines": [68], "start_line": 68}, "InMemoryHistoryMetricStore.__init__": {"executed_lines": [], "summary": {"covered_lines": 0, "num_statements": 1, "percent_covered": 0.0, "percent_covered_display": "0", "missing_lines": 1, "excluded_lines": 0, "percent_statements_covered": 0.0, "percent_statements_covered_display": "0"}, "missing_lines": [73], "excluded_lines": [], "start_line": 72}, "InMemoryHistoryMetricStore.save": {"executed_lines": [], "summary": {"covered_lines": 0, "num_statements": 1, "percent_covered": 0.0, "percent_covered_display": "0", "missing_lines": 1, "excluded_lines": 0, "percent_statements_covered": 0.0, "percent_statements_covered_display": "0"}, "missing_lines": [76], "excluded_lines": [], "start_line": 75}, "InMemoryHistoryMetricStore.get": {"executed_lines": [], "summary": {"covered_lines": 0, "num_statements": 1, "percent_covered": 0.0, "percent_covered_display": "0", "missing_lines": 1, "excluded_lines": 0, "percent_statements_covered": 0.0, "percent_statements_covered_display": "0"}, "missing_lines": [79], "excluded_lines": [], "start_line": 78}, "GitHistoryService.__init__": {"executed_lines": [86], "summary": {"covered_lines": 1, "num_statements": 1, "percent_covered": 100.0, "percent_covered_display": "100", "missing_lines": 0, "excluded_lines": 0, "percent_statements_covered": 100.0, "percent_statements_covered_display": "100"}, "missing_lines": [], "excluded_lines": [], "start_line": 85}, "GitHistoryService.collect": {"executed_lines": [96, 97, 98, 99, 100], "summary": {"covered_lines": 5, "num_statements": 5, "percent_covered": 100.0, "percent_covered_display": "100", "missing_lines": 0, "excluded_lines": 0, "percent_statements_covered": 100.0, "percent_statements_covered_display": "100"}, "missing_lines": [], "excluded_lines": [], "start_line": 88}, "GitHistoryService._run_log": {"executed_lines": [111, 112, 114, 125, 126, 134, 135, 136, 138], "summary": {"covered_lines": 9, "num_statements": 11, "percent_covered": 81.81818181818181, "percent_covered_display": "82", "missing_lines": 2, "excluded_lines": 0, "percent_statements_covered": 81.81818181818181, "percent_statements_covered_display": "82"}, "missing_lines": [113, 137], "excluded_lines": [], "start_line": 110}, "_parse_log": {"executed_lines": [142, 143, 144, 145, 146, 147, 148, 149, 152, 153], "summary": {"covered_lines": 10, "num_statements": 12, "percent_covered": 83.33333333333333, "percent_covered_display": "83", "missing_lines": 2, "excluded_lines": 0, "percent_statements_covered": 83.33333333333333, "percent_statements_covered_display": "83"}, "missing_lines": [150, 151], "excluded_lines": [], "start_line": 141}, "_split_log_record": {"executed_lines": [157, 158, 159, 160, 162, 163], "summary": {"covered_lines": 6, "num_statements": 7, "percent_covered": 85.71428571428571, "percent_covered_display": "86", "missing_lines": 1, "excluded_lines": 0, "percent_statements_covered": 85.71428571428571, "percent_statements_covered_display": "86"}, "missing_lines": [161], "excluded_lines": [], "start_line": 156}, "_parse_numstat_lines": {"executed_lines": [169, 170, 171, 172, 173, 174, 175, 176, 179, 180], "summary": {"covered_lines": 10, "num_statements": 12, "percent_covered": 83.33333333333333, "percent_covered_display": "83", "missing_lines": 2, "excluded_lines": 0, "percent_statements_covered": 83.33333333333333, "percent_statements_covered_display": "83"}, "missing_lines": [177, 178], "excluded_lines": [], "start_line": 166}, "_group_recent_commits": {"executed_lines": [186, 187, 188, 189, 190], "summary": {"covered_lines": 5, "num_statements": 5, "percent_covered": 100.0, "percent_covered_display": "100", "missing_lines": 0, "excluded_lines": 0, "percent_statements_covered": 100.0, "percent_statements_covered_display": "100"}, "missing_lines": [], "excluded_lines": [], "start_line": 183}, "_build_history_metrics": {"executed_lines": [200], "summary": {"covered_lines": 1, "num_statements": 1, "percent_covered": 100.0, "percent_covered_display": "100", "missing_lines": 0, "excluded_lines": 0, "percent_statements_covered": 100.0, "percent_statements_covered_display": "100"}, "missing_lines": [], "excluded_lines": [], "start_line": 193}, "_metric_for_path": {"executed_lines": [214, 215, 216, 217, 218, 219, 224], "summary": {"covered_lines": 7, "num_statements": 7, "percent_covered": 100.0, "percent_covered_display": "100", "missing_lines": 0, "excluded_lines": 0, "percent_statements_covered": 100.0, "percent_statements_covered_display": "100"}, "missing_lines": [], "excluded_lines": [], "start_line": 206}, "_normalize_rename": {"executed_lines": [243, 248, 250], "summary": {"covered_lines": 3, "num_statements": 8, "percent_covered": 37.5, "percent_covered_display": "38", "missing_lines": 5, "excluded_lines": 0, "percent_statements_covered": 37.5, "percent_statements_covered_display": "38"}, "missing_lines": [244, 245, 246, 247, 249], "excluded_lines": [], "start_line": 242}, "": {"executed_lines": [3, 5, 6, 7, 8, 9, 10, 11, 12, 15, 19, 20, 21, 22, 23, 24, 26, 33, 34, 35, 36, 37, 38, 39, 40, 41, 42, 43, 44, 45, 48, 49, 50, 52, 63, 71, 72, 75, 78, 82, 85, 88, 110, 141, 156, 166, 183, 193, 206, 242], "summary": {"covered_lines": 50, "num_statements": 50, "percent_covered": 100.0, "percent_covered_display": "100", "missing_lines": 0, "excluded_lines": 4, "percent_statements_covered": 100.0, "percent_statements_covered_display": "100"}, "missing_lines": [], "excluded_lines": [65, 67, 69, 70], "start_line": 1}}, "classes": {"GitHistoryError": {"executed_lines": [], "summary": {"covered_lines": 0, "num_statements": 0, "percent_covered": 100.0, "percent_covered_display": "100", "missing_lines": 0, "excluded_lines": 0, "percent_statements_covered": 100.0, "percent_statements_covered_display": "100"}, "missing_lines": [], "excluded_lines": [], "start_line": 15}, "GitHistoryConfig": {"executed_lines": [27, 28, 29], "summary": {"covered_lines": 3, "num_statements": 4, "percent_covered": 75.0, "percent_covered_display": "75", "missing_lines": 1, "excluded_lines": 0, "percent_statements_covered": 75.0, "percent_statements_covered_display": "75"}, "missing_lines": [30], "excluded_lines": [], "start_line": 20}, "FileHistoryMetric": {"executed_lines": [], "summary": {"covered_lines": 0, "num_statements": 0, "percent_covered": 100.0, "percent_covered_display": "100", "missing_lines": 0, "excluded_lines": 0, "percent_statements_covered": 100.0, "percent_statements_covered_display": "100"}, "missing_lines": [], "excluded_lines": [], "start_line": 34}, "GitHistoryMetrics": {"executed_lines": [53, 55], "summary": {"covered_lines": 2, "num_statements": 3, "percent_covered": 66.66666666666667, "percent_covered_display": "67", "missing_lines": 1, "excluded_lines": 0, "percent_statements_covered": 66.66666666666667, "percent_statements_covered_display": "67"}, "missing_lines": [54], "excluded_lines": [], "start_line": 49}, "HistoryMetricStore": {"executed_lines": [], "summary": {"covered_lines": 0, "num_statements": 0, "percent_covered": 100.0, "percent_covered_display": "100", "missing_lines": 0, "excluded_lines": 2, "percent_statements_covered": 100.0, "percent_statements_covered_display": "100"}, "missing_lines": [], "excluded_lines": [66, 68], "start_line": 63}, "InMemoryHistoryMetricStore": {"executed_lines": [], "summary": {"covered_lines": 0, "num_statements": 3, "percent_covered": 0.0, "percent_covered_display": "0", "missing_lines": 3, "excluded_lines": 0, "percent_statements_covered": 0.0, "percent_statements_covered_display": "0"}, "missing_lines": [73, 76, 79], "excluded_lines": [], "start_line": 71}, "GitHistoryService": {"executed_lines": [86, 96, 97, 98, 99, 100, 111, 112, 114, 125, 126, 134, 135, 136, 138], "summary": {"covered_lines": 15, "num_statements": 17, "percent_covered": 88.23529411764706, "percent_covered_display": "88", "missing_lines": 2, "excluded_lines": 0, "percent_statements_covered": 88.23529411764706, "percent_statements_covered_display": "88"}, "missing_lines": [113, 137], "excluded_lines": [], "start_line": 82}, "": {"executed_lines": [3, 5, 6, 7, 8, 9, 10, 11, 12, 15, 19, 20, 21, 22, 23, 24, 26, 33, 34, 35, 36, 37, 38, 39, 40, 41, 42, 43, 44, 45, 48, 49, 50, 52, 63, 71, 72, 75, 78, 82, 85, 88, 110, 141, 142, 143, 144, 145, 146, 147, 148, 149, 152, 153, 156, 157, 158, 159, 160, 162, 163, 166, 169, 170, 171, 172, 173, 174, 175, 176, 179, 180, 183, 186, 187, 188, 189, 190, 193, 200, 206, 214, 215, 216, 217, 218, 219, 224, 242, 243, 248, 250], "summary": {"covered_lines": 92, "num_statements": 102, "percent_covered": 90.19607843137256, "percent_covered_display": "90", "missing_lines": 10, "excluded_lines": 4, "percent_statements_covered": 90.19607843137256, "percent_statements_covered_display": "90"}, "missing_lines": [150, 151, 161, 177, 178, 244, 245, 246, 247, 249], "excluded_lines": [65, 67, 69, 70], "start_line": 1}}}, "src\\codepilot\\analyzers\\multilanguage_adapters.py": {"executed_lines": [3, 5, 6, 7, 8, 10, 17, 23, 25, 26, 27, 28, 29, 30, 31, 32, 33, 34, 35, 48, 51, 52, 53, 54, 59, 62, 63, 64, 71, 74, 96, 100, 104, 105, 106, 107, 108, 109, 110, 111, 112, 115, 116, 117, 118, 119, 120, 121, 123, 124, 125, 128, 129, 130, 131, 145, 146, 147, 150, 151, 154, 155, 158, 159, 164, 165, 168, 169, 172, 173, 174, 175, 178, 185, 186, 189, 192, 199, 200, 201, 203, 204, 205, 206, 207, 208], "summary": {"covered_lines": 86, "num_statements": 96, "percent_covered": 89.58333333333333, "percent_covered_display": "90", "missing_lines": 10, "excluded_lines": 0, "percent_statements_covered": 89.58333333333333, "percent_statements_covered_display": "90"}, "missing_lines": [55, 56, 72, 75, 76, 88, 89, 90, 91, 122], "excluded_lines": [], "functions": {"parse_eslint_json": {"executed_lines": [25, 26, 27, 28, 29, 30, 31, 32, 33, 34, 35, 48], "summary": {"covered_lines": 12, "num_statements": 12, "percent_covered": 100.0, "percent_covered_display": "100", "missing_lines": 0, "excluded_lines": 0, "percent_statements_covered": 100.0, "percent_statements_covered_display": "100"}, "missing_lines": [], "excluded_lines": [], "start_line": 23}, "_relative_tool_path": {"executed_lines": [52, 53, 54], "summary": {"covered_lines": 3, "num_statements": 5, "percent_covered": 60.0, "percent_covered_display": "60", "missing_lines": 2, "excluded_lines": 0, "percent_statements_covered": 60.0, "percent_statements_covered_display": "60"}, "missing_lines": [55, 56], "excluded_lines": [], "start_line": 51}, "EslintAnalyzer.__init__": {"executed_lines": [], "summary": {"covered_lines": 0, "num_statements": 1, "percent_covered": 0.0, "percent_covered_display": "0", "missing_lines": 1, "excluded_lines": 0, "percent_statements_covered": 0.0, "percent_statements_covered_display": "0"}, "missing_lines": [72], "excluded_lines": [], "start_line": 71}, "EslintAnalyzer.analyze": {"executed_lines": [], "summary": {"covered_lines": 0, "num_statements": 6, "percent_covered": 0.0, "percent_covered_display": "0", "missing_lines": 6, "excluded_lines": 0, "percent_statements_covered": 0.0, "percent_statements_covered_display": "0"}, "missing_lines": [75, 76, 88, 89, 90, 91], "excluded_lines": [], "start_line": 74}, "_check_depth": {"executed_lines": [105, 106, 107, 108, 109, 110, 111, 112], "summary": {"covered_lines": 8, "num_statements": 8, "percent_covered": 100.0, "percent_covered_display": "100", "missing_lines": 0, "excluded_lines": 0, "percent_statements_covered": 100.0, "percent_statements_covered_display": "100"}, "missing_lines": [], "excluded_lines": [], "start_line": 104}, "_load_sarif_document": {"executed_lines": [116, 117, 118, 119, 120, 121, 123, 124, 125], "summary": {"covered_lines": 9, "num_statements": 10, "percent_covered": 90.0, "percent_covered_display": "90", "missing_lines": 1, "excluded_lines": 0, "percent_statements_covered": 90.0, "percent_statements_covered_display": "90"}, "missing_lines": [122], "excluded_lines": [], "start_line": 115}, "_parse_sarif_result": {"executed_lines": [129, 130, 131], "summary": {"covered_lines": 3, "num_statements": 3, "percent_covered": 100.0, "percent_covered_display": "100", "missing_lines": 0, "excluded_lines": 0, "percent_statements_covered": 100.0, "percent_statements_covered_display": "100"}, "missing_lines": [], "excluded_lines": [], "start_line": 128}, "_sarif_location": {"executed_lines": [146, 147], "summary": {"covered_lines": 2, "num_statements": 2, "percent_covered": 100.0, "percent_covered_display": "100", "missing_lines": 0, "excluded_lines": 0, "percent_statements_covered": 100.0, "percent_statements_covered_display": "100"}, "missing_lines": [], "excluded_lines": [], "start_line": 145}, "_sarif_start_line": {"executed_lines": [151], "summary": {"covered_lines": 1, "num_statements": 1, "percent_covered": 100.0, "percent_covered_display": "100", "missing_lines": 0, "excluded_lines": 0, "percent_statements_covered": 100.0, "percent_statements_covered_display": "100"}, "missing_lines": [], "excluded_lines": [], "start_line": 150}, "_sarif_end_line": {"executed_lines": [155], "summary": {"covered_lines": 1, "num_statements": 1, "percent_covered": 100.0, "percent_covered_display": "100", "missing_lines": 0, "excluded_lines": 0, "percent_statements_covered": 100.0, "percent_statements_covered_display": "100"}, "missing_lines": [], "excluded_lines": [], "start_line": 154}, "_sarif_severity": {"executed_lines": [159], "summary": {"covered_lines": 1, "num_statements": 1, "percent_covered": 100.0, "percent_covered_display": "100", "missing_lines": 0, "excluded_lines": 0, "percent_statements_covered": 100.0, "percent_statements_covered_display": "100"}, "missing_lines": [], "excluded_lines": [], "start_line": 158}, "_sarif_category": {"executed_lines": [165], "summary": {"covered_lines": 1, "num_statements": 1, "percent_covered": 100.0, "percent_covered_display": "100", "missing_lines": 0, "excluded_lines": 0, "percent_statements_covered": 100.0, "percent_statements_covered_display": "100"}, "missing_lines": [], "excluded_lines": [], "start_line": 164}, "_sarif_evidence": {"executed_lines": [169], "summary": {"covered_lines": 1, "num_statements": 1, "percent_covered": 100.0, "percent_covered_display": "100", "missing_lines": 0, "excluded_lines": 0, "percent_statements_covered": 100.0, "percent_statements_covered_display": "100"}, "missing_lines": [], "excluded_lines": [], "start_line": 168}, "_parse_sarif_run": {"executed_lines": [173, 174, 175], "summary": {"covered_lines": 3, "num_statements": 3, "percent_covered": 100.0, "percent_covered_display": "100", "missing_lines": 0, "excluded_lines": 0, "percent_statements_covered": 100.0, "percent_statements_covered_display": "100"}, "missing_lines": [], "excluded_lines": [], "start_line": 172}, "parse_sarif_json": {"executed_lines": [185, 186], "summary": {"covered_lines": 2, "num_statements": 2, "percent_covered": 100.0, "percent_covered_display": "100", "missing_lines": 0, "excluded_lines": 0, "percent_statements_covered": 100.0, "percent_statements_covered_display": "100"}, "missing_lines": [], "excluded_lines": [], "start_line": 178}, "SarifFileAnalyzer.__init__": {"executed_lines": [200, 201], "summary": {"covered_lines": 2, "num_statements": 2, "percent_covered": 100.0, "percent_covered_display": "100", "missing_lines": 0, "excluded_lines": 0, "percent_statements_covered": 100.0, "percent_statements_covered_display": "100"}, "missing_lines": [], "excluded_lines": [], "start_line": 199}, "SarifFileAnalyzer.analyze": {"executed_lines": [204, 205, 206, 207, 208], "summary": {"covered_lines": 5, "num_statements": 5, "percent_covered": 100.0, "percent_covered_display": "100", "missing_lines": 0, "excluded_lines": 0, "percent_statements_covered": 100.0, "percent_statements_covered_display": "100"}, "missing_lines": [], "excluded_lines": [], "start_line": 203}, "": {"executed_lines": [3, 5, 6, 7, 8, 10, 17, 23, 51, 59, 62, 63, 64, 71, 74, 96, 100, 104, 115, 128, 145, 150, 154, 158, 164, 168, 172, 178, 189, 192, 199, 203], "summary": {"covered_lines": 32, "num_statements": 32, "percent_covered": 100.0, "percent_covered_display": "100", "missing_lines": 0, "excluded_lines": 0, "percent_statements_covered": 100.0, "percent_statements_covered_display": "100"}, "missing_lines": [], "excluded_lines": [], "start_line": 1}}, "classes": {"EslintAnalyzer": {"executed_lines": [], "summary": {"covered_lines": 0, "num_statements": 7, "percent_covered": 0.0, "percent_covered_display": "0", "missing_lines": 7, "excluded_lines": 0, "percent_statements_covered": 0.0, "percent_statements_covered_display": "0"}, "missing_lines": [72, 75, 76, 88, 89, 90, 91], "excluded_lines": [], "start_line": 59}, "SarifTooLargeError": {"executed_lines": [], "summary": {"covered_lines": 0, "num_statements": 0, "percent_covered": 100.0, "percent_covered_display": "100", "missing_lines": 0, "excluded_lines": 0, "percent_statements_covered": 100.0, "percent_statements_covered_display": "100"}, "missing_lines": [], "excluded_lines": [], "start_line": 96}, "SarifTooDeepError": {"executed_lines": [], "summary": {"covered_lines": 0, "num_statements": 0, "percent_covered": 100.0, "percent_covered_display": "100", "missing_lines": 0, "excluded_lines": 0, "percent_statements_covered": 100.0, "percent_statements_covered_display": "100"}, "missing_lines": [], "excluded_lines": [], "start_line": 100}, "SarifFileAnalyzer": {"executed_lines": [200, 201, 204, 205, 206, 207, 208], "summary": {"covered_lines": 7, "num_statements": 7, "percent_covered": 100.0, "percent_covered_display": "100", "missing_lines": 0, "excluded_lines": 0, "percent_statements_covered": 100.0, "percent_statements_covered_display": "100"}, "missing_lines": [], "excluded_lines": [], "start_line": 189}, "": {"executed_lines": [3, 5, 6, 7, 8, 10, 17, 23, 25, 26, 27, 28, 29, 30, 31, 32, 33, 34, 35, 48, 51, 52, 53, 54, 59, 62, 63, 64, 71, 74, 96, 100, 104, 105, 106, 107, 108, 109, 110, 111, 112, 115, 116, 117, 118, 119, 120, 121, 123, 124, 125, 128, 129, 130, 131, 145, 146, 147, 150, 151, 154, 155, 158, 159, 164, 165, 168, 169, 172, 173, 174, 175, 178, 185, 186, 189, 192, 199, 203], "summary": {"covered_lines": 79, "num_statements": 82, "percent_covered": 96.34146341463415, "percent_covered_display": "96", "missing_lines": 3, "excluded_lines": 0, "percent_statements_covered": 96.34146341463415, "percent_statements_covered_display": "96"}, "missing_lines": [55, 56, 122], "excluded_lines": [], "start_line": 1}}}, "src\\codepilot\\analyzers\\production.py": {"executed_lines": [3, 5, 6, 8, 9, 17, 22, 23, 24, 25, 26, 27, 29, 32, 35, 36, 37, 38, 40, 41, 42, 47, 48, 49, 50, 55, 56, 57, 60, 62, 63, 64, 65, 68, 69, 70, 73, 74, 76, 77, 78, 79, 82, 91, 94, 95, 111, 115, 117, 120, 121, 126, 127, 139, 140, 143, 146, 147, 148, 149, 150, 151, 154, 155, 156, 169, 183, 195, 198, 199, 217, 220, 238, 239, 240, 242], "summary": {"covered_lines": 76, "num_statements": 85, "percent_covered": 89.41176470588235, "percent_covered_display": "89", "missing_lines": 9, "excluded_lines": 0, "percent_statements_covered": 89.41176470588235, "percent_statements_covered_display": "89"}, "missing_lines": [58, 59, 75, 96, 97, 130, 157, 170, 241], "excluded_lines": [], "functions": {"ProductionRepositoryAnalyzer.__init__": {"executed_lines": [36, 37, 38], "summary": {"covered_lines": 3, "num_statements": 3, "percent_covered": 100.0, "percent_covered_display": "100", "missing_lines": 0, "excluded_lines": 0, "percent_statements_covered": 100.0, "percent_statements_covered_display": "100"}, "missing_lines": [], "excluded_lines": [], "start_line": 35}, "ProductionRepositoryAnalyzer._registry": {"executed_lines": [41, 42, 47, 48, 49, 50, 55, 56, 57, 60], "summary": {"covered_lines": 10, "num_statements": 12, "percent_covered": 83.33333333333333, "percent_covered_display": "83", "missing_lines": 2, "excluded_lines": 0, "percent_statements_covered": 83.33333333333333, "percent_statements_covered_display": "83"}, "missing_lines": [58, 59], "excluded_lines": [], "start_line": 40}, "ProductionRepositoryAnalyzer.analyze": {"executed_lines": [63, 64, 65, 68, 69, 70, 73, 74, 76, 77, 78, 79, 82], "summary": {"covered_lines": 13, "num_statements": 14, "percent_covered": 92.85714285714286, "percent_covered_display": "93", "missing_lines": 1, "excluded_lines": 0, "percent_statements_covered": 92.85714285714286, "percent_statements_covered_display": "93"}, "missing_lines": [75], "excluded_lines": [], "start_line": 62}, "ProductionRepositoryAnalyzer._collect_graph": {"executed_lines": [94, 95, 111, 115], "summary": {"covered_lines": 4, "num_statements": 6, "percent_covered": 66.66666666666667, "percent_covered_display": "67", "missing_lines": 2, "excluded_lines": 0, "percent_statements_covered": 66.66666666666667, "percent_statements_covered_display": "67"}, "missing_lines": [96, 97], "excluded_lines": [], "start_line": 91}, "ProductionRepositoryAnalyzer._collect_history": {"executed_lines": [120, 121, 126, 127], "summary": {"covered_lines": 4, "num_statements": 5, "percent_covered": 80.0, "percent_covered_display": "80", "missing_lines": 1, "excluded_lines": 0, "percent_statements_covered": 80.0, "percent_statements_covered_display": "80"}, "missing_lines": [130], "excluded_lines": [], "start_line": 117}, "_supported_languages": {"executed_lines": [140], "summary": {"covered_lines": 1, "num_statements": 1, "percent_covered": 100.0, "percent_covered_display": "100", "missing_lines": 0, "excluded_lines": 0, "percent_statements_covered": 100.0, "percent_statements_covered_display": "100"}, "missing_lines": [], "excluded_lines": [], "start_line": 139}, "_build_outcomes": {"executed_lines": [146, 147, 148, 149, 150, 151, 154, 155, 156, 169, 183, 195], "summary": {"covered_lines": 12, "num_statements": 14, "percent_covered": 85.71428571428571, "percent_covered_display": "86", "missing_lines": 2, "excluded_lines": 0, "percent_statements_covered": 85.71428571428571, "percent_statements_covered_display": "86"}, "missing_lines": [157, 170], "excluded_lines": [], "start_line": 143}, "_normalize_findings": {"executed_lines": [199], "summary": {"covered_lines": 1, "num_statements": 1, "percent_covered": 100.0, "percent_covered_display": "100", "missing_lines": 0, "excluded_lines": 0, "percent_statements_covered": 100.0, "percent_statements_covered_display": "100"}, "missing_lines": [], "excluded_lines": [], "start_line": 198}, "_normalize_graph_findings": {"executed_lines": [220], "summary": {"covered_lines": 1, "num_statements": 1, "percent_covered": 100.0, "percent_covered_display": "100", "missing_lines": 0, "excluded_lines": 0, "percent_statements_covered": 100.0, "percent_statements_covered_display": "100"}, "missing_lines": [], "excluded_lines": [], "start_line": 217}, "_finding_density": {"executed_lines": [239, 240, 242], "summary": {"covered_lines": 3, "num_statements": 4, "percent_covered": 75.0, "percent_covered_display": "75", "missing_lines": 1, "excluded_lines": 0, "percent_statements_covered": 75.0, "percent_statements_covered_display": "75"}, "missing_lines": [241], "excluded_lines": [], "start_line": 238}, "": {"executed_lines": [3, 5, 6, 8, 9, 17, 22, 23, 24, 25, 26, 27, 29, 32, 35, 40, 62, 91, 117, 139, 143, 198, 217, 238], "summary": {"covered_lines": 24, "num_statements": 24, "percent_covered": 100.0, "percent_covered_display": "100", "missing_lines": 0, "excluded_lines": 0, "percent_statements_covered": 100.0, "percent_statements_covered_display": "100"}, "missing_lines": [], "excluded_lines": [], "start_line": 1}}, "classes": {"ProductionRepositoryAnalyzer": {"executed_lines": [36, 37, 38, 41, 42, 47, 48, 49, 50, 55, 56, 57, 60, 63, 64, 65, 68, 69, 70, 73, 74, 76, 77, 78, 79, 82, 94, 95, 111, 115, 120, 121, 126, 127], "summary": {"covered_lines": 34, "num_statements": 40, "percent_covered": 85.0, "percent_covered_display": "85", "missing_lines": 6, "excluded_lines": 0, "percent_statements_covered": 85.0, "percent_statements_covered_display": "85"}, "missing_lines": [58, 59, 75, 96, 97, 130], "excluded_lines": [], "start_line": 32}, "": {"executed_lines": [3, 5, 6, 8, 9, 17, 22, 23, 24, 25, 26, 27, 29, 32, 35, 40, 62, 91, 117, 139, 140, 143, 146, 147, 148, 149, 150, 151, 154, 155, 156, 169, 183, 195, 198, 199, 217, 220, 238, 239, 240, 242], "summary": {"covered_lines": 42, "num_statements": 45, "percent_covered": 93.33333333333333, "percent_covered_display": "93", "missing_lines": 3, "excluded_lines": 0, "percent_statements_covered": 93.33333333333333, "percent_statements_covered_display": "93"}, "missing_lines": [157, 170, 241], "excluded_lines": [], "start_line": 1}}}, "src\\codepilot\\analyzers\\python_adapters.py": {"executed_lines": [3, 5, 6, 7, 8, 9, 10, 11, 12, 14, 23, 26, 29, 36, 37, 38, 39, 42, 52, 55, 62, 63, 64, 65, 66, 67, 88, 89, 108, 113, 114, 115, 116, 121, 122, 123, 127, 128, 129, 147, 148, 149, 150, 151, 152, 157, 158, 159, 160, 173, 176, 177, 178, 181, 184, 185, 186, 187, 188, 189, 190, 191, 192, 205, 208, 209, 210, 211, 214, 215, 216, 218, 219, 220, 222, 225, 228, 231, 233, 234, 243, 244, 245, 252, 253, 254, 257, 258, 259, 260, 265, 266, 267, 274, 275, 276, 277, 278, 279, 280, 285, 286, 287, 294, 295, 296, 297, 298, 299, 300, 301, 302], "summary": {"covered_lines": 112, "num_statements": 124, "percent_covered": 90.3225806451613, "percent_covered_display": "90", "missing_lines": 12, "excluded_lines": 9, "percent_statements_covered": 90.3225806451613, "percent_statements_covered_display": "90"}, "missing_lines": [75, 76, 79, 80, 81, 82, 95, 109, 110, 117, 118, 124], "excluded_lines": [43, 44, 45, 46, 47, 48, 49, 50, 51], "functions": {"ToolResult.__init__": {"executed_lines": [36, 37, 38, 39], "summary": {"covered_lines": 4, "num_statements": 4, "percent_covered": 100.0, "percent_covered_display": "100", "missing_lines": 0, "excluded_lines": 0, "percent_statements_covered": 100.0, "percent_statements_covered_display": "100"}, "missing_lines": [], "excluded_lines": [], "start_line": 29}, "ToolRunner.run": {"executed_lines": [], "summary": {"covered_lines": 0, "num_statements": 0, "percent_covered": 100.0, "percent_covered_display": "100", "missing_lines": 0, "excluded_lines": 1, "percent_statements_covered": 100.0, "percent_statements_covered_display": "100"}, "missing_lines": [], "excluded_lines": [49], "start_line": 43}, "SubprocessToolRunner.run": {"executed_lines": [62, 63, 64, 65, 66, 67, 88, 89], "summary": {"covered_lines": 8, "num_statements": 15, "percent_covered": 53.333333333333336, "percent_covered_display": "53", "missing_lines": 7, "excluded_lines": 0, "percent_statements_covered": 53.333333333333336, "percent_statements_covered_display": "53"}, "missing_lines": [75, 76, 79, 80, 81, 82, 95], "excluded_lines": [], "start_line": 55}, "_version_from_text": {"executed_lines": [], "summary": {"covered_lines": 0, "num_statements": 2, "percent_covered": 0.0, "percent_covered_display": "0", "missing_lines": 2, "excluded_lines": 0, "percent_statements_covered": 0.0, "percent_statements_covered_display": "0"}, "missing_lines": [109, 110], "excluded_lines": [], "start_line": 108}, "_path": {"executed_lines": [114, 115, 116], "summary": {"covered_lines": 3, "num_statements": 5, "percent_covered": 60.0, "percent_covered_display": "60", "missing_lines": 2, "excluded_lines": 0, "percent_statements_covered": 60.0, "percent_statements_covered_display": "60"}, "missing_lines": [117, 118], "excluded_lines": [], "start_line": 113}, "_severity": {"executed_lines": [122, 123], "summary": {"covered_lines": 2, "num_statements": 3, "percent_covered": 66.66666666666667, "percent_covered_display": "67", "missing_lines": 1, "excluded_lines": 0, "percent_statements_covered": 66.66666666666667, "percent_statements_covered_display": "67"}, "missing_lines": [124], "excluded_lines": [], "start_line": 121}, "parse_ruff_json": {"executed_lines": [128, 129], "summary": {"covered_lines": 2, "num_statements": 2, "percent_covered": 100.0, "percent_covered_display": "100", "missing_lines": 0, "excluded_lines": 0, "percent_statements_covered": 100.0, "percent_statements_covered_display": "100"}, "missing_lines": [], "excluded_lines": [], "start_line": 127}, "parse_bandit_json": {"executed_lines": [148, 149, 150, 151, 152, 157, 158, 159, 160, 173], "summary": {"covered_lines": 10, "num_statements": 10, "percent_covered": 100.0, "percent_covered_display": "100", "missing_lines": 0, "excluded_lines": 0, "percent_statements_covered": 100.0, "percent_statements_covered_display": "100"}, "missing_lines": [], "excluded_lines": [], "start_line": 147}, "_is_backend_test_path": {"executed_lines": [177, 178], "summary": {"covered_lines": 2, "num_statements": 2, "percent_covered": 100.0, "percent_covered_display": "100", "missing_lines": 0, "excluded_lines": 0, "percent_statements_covered": 100.0, "percent_statements_covered_display": "100"}, "missing_lines": [], "excluded_lines": [], "start_line": 176}, "parse_radon_cc_json": {"executed_lines": [184, 185, 186, 187, 188, 189, 190, 191, 192, 205], "summary": {"covered_lines": 10, "num_statements": 10, "percent_covered": 100.0, "percent_covered_display": "100", "missing_lines": 0, "excluded_lines": 0, "percent_statements_covered": 100.0, "percent_statements_covered_display": "100"}, "missing_lines": [], "excluded_lines": [], "start_line": 181}, "parse_radon_mi_json": {"executed_lines": [209, 210, 211], "summary": {"covered_lines": 3, "num_statements": 3, "percent_covered": 100.0, "percent_covered_display": "100", "missing_lines": 0, "excluded_lines": 0, "percent_statements_covered": 100.0, "percent_statements_covered_display": "100"}, "missing_lines": [], "excluded_lines": [], "start_line": 208}, "_PythonToolAnalyzer.__init__": {"executed_lines": [219, 220], "summary": {"covered_lines": 2, "num_statements": 2, "percent_covered": 100.0, "percent_covered_display": "100", "missing_lines": 0, "excluded_lines": 0, "percent_statements_covered": 100.0, "percent_statements_covered_display": "100"}, "missing_lines": [], "excluded_lines": [], "start_line": 218}, "_PythonToolAnalyzer._run_tool": {"executed_lines": [225, 228, 231], "summary": {"covered_lines": 3, "num_statements": 3, "percent_covered": 100.0, "percent_covered_display": "100", "missing_lines": 0, "excluded_lines": 0, "percent_statements_covered": 100.0, "percent_statements_covered_display": "100"}, "missing_lines": [], "excluded_lines": [], "start_line": 222}, "_PythonToolAnalyzer._execution": {"executed_lines": [234], "summary": {"covered_lines": 1, "num_statements": 1, "percent_covered": 100.0, "percent_covered_display": "100", "missing_lines": 0, "excluded_lines": 0, "percent_statements_covered": 100.0, "percent_statements_covered_display": "100"}, "missing_lines": [], "excluded_lines": [], "start_line": 233}, "RuffAnalyzer.analyze": {"executed_lines": [253, 254, 257, 258, 259, 260], "summary": {"covered_lines": 6, "num_statements": 6, "percent_covered": 100.0, "percent_covered_display": "100", "missing_lines": 0, "excluded_lines": 0, "percent_statements_covered": 100.0, "percent_statements_covered_display": "100"}, "missing_lines": [], "excluded_lines": [], "start_line": 252}, "BanditAnalyzer.analyze": {"executed_lines": [275, 276, 277, 278, 279, 280], "summary": {"covered_lines": 6, "num_statements": 6, "percent_covered": 100.0, "percent_covered_display": "100", "missing_lines": 0, "excluded_lines": 0, "percent_statements_covered": 100.0, "percent_statements_covered_display": "100"}, "missing_lines": [], "excluded_lines": [], "start_line": 274}, "RadonAnalyzer.analyze": {"executed_lines": [295, 296, 297, 298, 299, 300, 301, 302], "summary": {"covered_lines": 8, "num_statements": 8, "percent_covered": 100.0, "percent_covered_display": "100", "missing_lines": 0, "excluded_lines": 0, "percent_statements_covered": 100.0, "percent_statements_covered_display": "100"}, "missing_lines": [], "excluded_lines": [], "start_line": 294}, "": {"executed_lines": [3, 5, 6, 7, 8, 9, 10, 11, 12, 14, 23, 26, 29, 42, 52, 55, 108, 113, 121, 127, 147, 176, 181, 208, 214, 215, 216, 218, 222, 233, 243, 244, 245, 252, 265, 266, 267, 274, 285, 286, 287, 294], "summary": {"covered_lines": 42, "num_statements": 42, "percent_covered": 100.0, "percent_covered_display": "100", "missing_lines": 0, "excluded_lines": 8, "percent_statements_covered": 100.0, "percent_statements_covered_display": "100"}, "missing_lines": [], "excluded_lines": [43, 44, 45, 46, 47, 48, 50, 51], "start_line": 1}}, "classes": {"ToolResult": {"executed_lines": [36, 37, 38, 39], "summary": {"covered_lines": 4, "num_statements": 4, "percent_covered": 100.0, "percent_covered_display": "100", "missing_lines": 0, "excluded_lines": 0, "percent_statements_covered": 100.0, "percent_statements_covered_display": "100"}, "missing_lines": [], "excluded_lines": [], "start_line": 26}, "ToolRunner": {"executed_lines": [], "summary": {"covered_lines": 0, "num_statements": 0, "percent_covered": 100.0, "percent_covered_display": "100", "missing_lines": 0, "excluded_lines": 1, "percent_statements_covered": 100.0, "percent_statements_covered_display": "100"}, "missing_lines": [], "excluded_lines": [49], "start_line": 42}, "SubprocessToolRunner": {"executed_lines": [62, 63, 64, 65, 66, 67, 88, 89], "summary": {"covered_lines": 8, "num_statements": 15, "percent_covered": 53.333333333333336, "percent_covered_display": "53", "missing_lines": 7, "excluded_lines": 0, "percent_statements_covered": 53.333333333333336, "percent_statements_covered_display": "53"}, "missing_lines": [75, 76, 79, 80, 81, 82, 95], "excluded_lines": [], "start_line": 52}, "_PythonToolAnalyzer": {"executed_lines": [219, 220, 225, 228, 231, 234], "summary": {"covered_lines": 6, "num_statements": 6, "percent_covered": 100.0, "percent_covered_display": "100", "missing_lines": 0, "excluded_lines": 0, "percent_statements_covered": 100.0, "percent_statements_covered_display": "100"}, "missing_lines": [], "excluded_lines": [], "start_line": 214}, "RuffAnalyzer": {"executed_lines": [253, 254, 257, 258, 259, 260], "summary": {"covered_lines": 6, "num_statements": 6, "percent_covered": 100.0, "percent_covered_display": "100", "missing_lines": 0, "excluded_lines": 0, "percent_statements_covered": 100.0, "percent_statements_covered_display": "100"}, "missing_lines": [], "excluded_lines": [], "start_line": 243}, "BanditAnalyzer": {"executed_lines": [275, 276, 277, 278, 279, 280], "summary": {"covered_lines": 6, "num_statements": 6, "percent_covered": 100.0, "percent_covered_display": "100", "missing_lines": 0, "excluded_lines": 0, "percent_statements_covered": 100.0, "percent_statements_covered_display": "100"}, "missing_lines": [], "excluded_lines": [], "start_line": 265}, "RadonAnalyzer": {"executed_lines": [295, 296, 297, 298, 299, 300, 301, 302], "summary": {"covered_lines": 8, "num_statements": 8, "percent_covered": 100.0, "percent_covered_display": "100", "missing_lines": 0, "excluded_lines": 0, "percent_statements_covered": 100.0, "percent_statements_covered_display": "100"}, "missing_lines": [], "excluded_lines": [], "start_line": 285}, "": {"executed_lines": [3, 5, 6, 7, 8, 9, 10, 11, 12, 14, 23, 26, 29, 42, 52, 55, 108, 113, 114, 115, 116, 121, 122, 123, 127, 128, 129, 147, 148, 149, 150, 151, 152, 157, 158, 159, 160, 173, 176, 177, 178, 181, 184, 185, 186, 187, 188, 189, 190, 191, 192, 205, 208, 209, 210, 211, 214, 215, 216, 218, 222, 233, 243, 244, 245, 252, 265, 266, 267, 274, 285, 286, 287, 294], "summary": {"covered_lines": 74, "num_statements": 79, "percent_covered": 93.67088607594937, "percent_covered_display": "94", "missing_lines": 5, "excluded_lines": 8, "percent_statements_covered": 93.67088607594937, "percent_statements_covered_display": "94"}, "missing_lines": [109, 110, 117, 118, 124], "excluded_lines": [43, 44, 45, 46, 47, 48, 50, 51], "start_line": 1}}}, "src\\codepilot\\analyzers\\risk_score.py": {"executed_lines": [3, 5, 6, 8, 17, 18, 19, 20, 22, 23, 25, 27, 31, 32, 33, 34, 35, 36, 37, 39, 40, 41, 42, 45, 46, 47, 48, 49, 50, 51, 54, 55, 56, 57, 58, 60, 61, 63, 65, 69, 70, 71, 72, 75, 76, 79, 80, 81, 84, 85, 88, 89, 90, 93, 94, 95, 96, 97, 98, 99, 101, 102, 103, 104, 108, 109, 114, 115, 116, 121, 124, 133, 134, 135, 136, 146, 147, 155, 172, 173, 180, 181, 184, 187, 201, 204, 205, 206, 207, 213, 216, 217, 218, 224, 225, 226, 227, 228, 231, 234, 235, 236, 237, 243, 244, 245, 246, 247, 248, 249, 250], "summary": {"covered_lines": 111, "num_statements": 118, "percent_covered": 94.0677966101695, "percent_covered_display": "94", "missing_lines": 7, "excluded_lines": 0, "percent_statements_covered": 94.0677966101695, "percent_statements_covered_display": "94"}, "missing_lines": [24, 26, 28, 62, 64, 66, 105], "excluded_lines": [], "functions": {"RiskScoreConfig.__post_init__": {"executed_lines": [23, 25, 27], "summary": {"covered_lines": 3, "num_statements": 6, "percent_covered": 50.0, "percent_covered_display": "50", "missing_lines": 3, "excluded_lines": 0, "percent_statements_covered": 50.0, "percent_statements_covered_display": "50"}, "missing_lines": [24, 26, 28], "excluded_lines": [], "start_line": 22}, "RiskAssessment.reconstruct": {"executed_lines": [40, 41, 42], "summary": {"covered_lines": 3, "num_statements": 3, "percent_covered": 100.0, "percent_covered_display": "100", "missing_lines": 0, "excluded_lines": 0, "percent_statements_covered": 100.0, "percent_statements_covered_display": "100"}, "missing_lines": [], "excluded_lines": [], "start_line": 39}, "QualityGateConfig.__post_init__": {"executed_lines": [61, 63, 65], "summary": {"covered_lines": 3, "num_statements": 6, "percent_covered": 50.0, "percent_covered_display": "50", "missing_lines": 3, "excluded_lines": 0, "percent_statements_covered": 50.0, "percent_statements_covered_display": "50"}, "missing_lines": [62, 64, 66], "excluded_lines": [], "start_line": 60}, "QualityGateResult.status": {"executed_lines": [103, 104], "summary": {"covered_lines": 2, "num_statements": 3, "percent_covered": 66.66666666666667, "percent_covered_display": "67", "missing_lines": 1, "excluded_lines": 0, "percent_statements_covered": 66.66666666666667, "percent_statements_covered_display": "67"}, "missing_lines": [105], "excluded_lines": [], "start_line": 102}, "calculate_risk": {"executed_lines": [109, 114, 115, 116, 121], "summary": {"covered_lines": 5, "num_statements": 5, "percent_covered": 100.0, "percent_covered_display": "100", "missing_lines": 0, "excluded_lines": 0, "percent_statements_covered": 100.0, "percent_statements_covered_display": "100"}, "missing_lines": [], "excluded_lines": [], "start_line": 108}, "evaluate_quality_gates": {"executed_lines": [133, 134, 135, 136, 146, 147, 155], "summary": {"covered_lines": 7, "num_statements": 7, "percent_covered": 100.0, "percent_covered_display": "100", "missing_lines": 0, "excluded_lines": 0, "percent_statements_covered": 100.0, "percent_statements_covered_display": "100"}, "missing_lines": [], "excluded_lines": [], "start_line": 124}, "_new_critical_findings": {"executed_lines": [173], "summary": {"covered_lines": 1, "num_statements": 1, "percent_covered": 100.0, "percent_covered_display": "100", "missing_lines": 0, "excluded_lines": 0, "percent_statements_covered": 100.0, "percent_statements_covered_display": "100"}, "missing_lines": [], "excluded_lines": [], "start_line": 172}, "_enabled_rule_keys": {"executed_lines": [181], "summary": {"covered_lines": 1, "num_statements": 1, "percent_covered": 100.0, "percent_covered_display": "100", "missing_lines": 0, "excluded_lines": 0, "percent_statements_covered": 100.0, "percent_statements_covered_display": "100"}, "missing_lines": [], "excluded_lines": [], "start_line": 180}, "_matching_enabled_rules": {"executed_lines": [187], "summary": {"covered_lines": 1, "num_statements": 1, "percent_covered": 100.0, "percent_covered_display": "100", "missing_lines": 0, "excluded_lines": 0, "percent_statements_covered": 100.0, "percent_statements_covered_display": "100"}, "missing_lines": [], "excluded_lines": [], "start_line": 184}, "_critical_failure": {"executed_lines": [204, 205, 206, 207], "summary": {"covered_lines": 4, "num_statements": 4, "percent_covered": 100.0, "percent_covered_display": "100", "missing_lines": 0, "excluded_lines": 0, "percent_statements_covered": 100.0, "percent_statements_covered_display": "100"}, "missing_lines": [], "excluded_lines": [], "start_line": 201}, "_enabled_rules_failure": {"executed_lines": [216, 217, 218], "summary": {"covered_lines": 3, "num_statements": 3, "percent_covered": 100.0, "percent_covered_display": "100", "missing_lines": 0, "excluded_lines": 0, "percent_statements_covered": 100.0, "percent_statements_covered_display": "100"}, "missing_lines": [], "excluded_lines": [], "start_line": 213}, "_risk_failure": {"executed_lines": [225, 226, 227, 228], "summary": {"covered_lines": 4, "num_statements": 4, "percent_covered": 100.0, "percent_covered_display": "100", "missing_lines": 0, "excluded_lines": 0, "percent_statements_covered": 100.0, "percent_statements_covered_display": "100"}, "missing_lines": [], "excluded_lines": [], "start_line": 224}, "_hotspot_failure": {"executed_lines": [234, 235, 236, 237], "summary": {"covered_lines": 4, "num_statements": 4, "percent_covered": 100.0, "percent_covered_display": "100", "missing_lines": 0, "excluded_lines": 0, "percent_statements_covered": 100.0, "percent_statements_covered_display": "100"}, "missing_lines": [], "excluded_lines": [], "start_line": 231}, "_category": {"executed_lines": [244, 245, 246, 247, 248, 249, 250], "summary": {"covered_lines": 7, "num_statements": 7, "percent_covered": 100.0, "percent_covered_display": "100", "missing_lines": 0, "excluded_lines": 0, "percent_statements_covered": 100.0, "percent_statements_covered_display": "100"}, "missing_lines": [], "excluded_lines": [], "start_line": 243}, "": {"executed_lines": [3, 5, 6, 8, 17, 18, 19, 20, 22, 31, 32, 33, 34, 35, 36, 37, 39, 45, 46, 47, 48, 49, 50, 51, 54, 55, 56, 57, 58, 60, 69, 70, 71, 72, 75, 76, 79, 80, 81, 84, 85, 88, 89, 90, 93, 94, 95, 96, 97, 98, 99, 101, 102, 108, 124, 172, 180, 184, 201, 213, 224, 231, 243], "summary": {"covered_lines": 63, "num_statements": 63, "percent_covered": 100.0, "percent_covered_display": "100", "missing_lines": 0, "excluded_lines": 0, "percent_statements_covered": 100.0, "percent_statements_covered_display": "100"}, "missing_lines": [], "excluded_lines": [], "start_line": 1}}, "classes": {"RiskScoreConfig": {"executed_lines": [23, 25, 27], "summary": {"covered_lines": 3, "num_statements": 6, "percent_covered": 50.0, "percent_covered_display": "50", "missing_lines": 3, "excluded_lines": 0, "percent_statements_covered": 50.0, "percent_statements_covered_display": "50"}, "missing_lines": [24, 26, 28], "excluded_lines": [], "start_line": 18}, "RiskAssessment": {"executed_lines": [40, 41, 42], "summary": {"covered_lines": 3, "num_statements": 3, "percent_covered": 100.0, "percent_covered_display": "100", "missing_lines": 0, "excluded_lines": 0, "percent_statements_covered": 100.0, "percent_statements_covered_display": "100"}, "missing_lines": [], "excluded_lines": [], "start_line": 32}, "FindingRisk": {"executed_lines": [], "summary": {"covered_lines": 0, "num_statements": 0, "percent_covered": 100.0, "percent_covered_display": "100", "missing_lines": 0, "excluded_lines": 0, "percent_statements_covered": 100.0, "percent_statements_covered_display": "100"}, "missing_lines": [], "excluded_lines": [], "start_line": 46}, "QualityGateConfig": {"executed_lines": [61, 63, 65], "summary": {"covered_lines": 3, "num_statements": 6, "percent_covered": 50.0, "percent_covered_display": "50", "missing_lines": 3, "excluded_lines": 0, "percent_statements_covered": 50.0, "percent_statements_covered_display": "50"}, "missing_lines": [62, 64, 66], "excluded_lines": [], "start_line": 55}, "QualityGateFailure": {"executed_lines": [], "summary": {"covered_lines": 0, "num_statements": 0, "percent_covered": 100.0, "percent_covered_display": "100", "missing_lines": 0, "excluded_lines": 0, "percent_statements_covered": 100.0, "percent_statements_covered_display": "100"}, "missing_lines": [], "excluded_lines": [], "start_line": 70}, "QualityGateThresholds": {"executed_lines": [], "summary": {"covered_lines": 0, "num_statements": 0, "percent_covered": 100.0, "percent_covered_display": "100", "missing_lines": 0, "excluded_lines": 0, "percent_statements_covered": 100.0, "percent_statements_covered_display": "100"}, "missing_lines": [], "excluded_lines": [], "start_line": 76}, "QualityGateObserved": {"executed_lines": [], "summary": {"covered_lines": 0, "num_statements": 0, "percent_covered": 100.0, "percent_covered_display": "100", "missing_lines": 0, "excluded_lines": 0, "percent_statements_covered": 100.0, "percent_statements_covered_display": "100"}, "missing_lines": [], "excluded_lines": [], "start_line": 85}, "QualityGateResult": {"executed_lines": [103, 104], "summary": {"covered_lines": 2, "num_statements": 3, "percent_covered": 66.66666666666667, "percent_covered_display": "67", "missing_lines": 1, "excluded_lines": 0, "percent_statements_covered": 66.66666666666667, "percent_statements_covered_display": "67"}, "missing_lines": [105], "excluded_lines": [], "start_line": 94}, "": {"executed_lines": [3, 5, 6, 8, 17, 18, 19, 20, 22, 31, 32, 33, 34, 35, 36, 37, 39, 45, 46, 47, 48, 49, 50, 51, 54, 55, 56, 57, 58, 60, 69, 70, 71, 72, 75, 76, 79, 80, 81, 84, 85, 88, 89, 90, 93, 94, 95, 96, 97, 98, 99, 101, 102, 108, 109, 114, 115, 116, 121, 124, 133, 134, 135, 136, 146, 147, 155, 172, 173, 180, 181, 184, 187, 201, 204, 205, 206, 207, 213, 216, 217, 218, 224, 225, 226, 227, 228, 231, 234, 235, 236, 237, 243, 244, 245, 246, 247, 248, 249, 250], "summary": {"covered_lines": 100, "num_statements": 100, "percent_covered": 100.0, "percent_covered_display": "100", "missing_lines": 0, "excluded_lines": 0, "percent_statements_covered": 100.0, "percent_statements_covered_display": "100"}, "missing_lines": [], "excluded_lines": [], "start_line": 1}}}, "src\\codepilot\\api\\__init__.py": {"executed_lines": [], "summary": {"covered_lines": 0, "num_statements": 0, "percent_covered": 100.0, "percent_covered_display": "100", "missing_lines": 0, "excluded_lines": 0, "percent_statements_covered": 100.0, "percent_statements_covered_display": "100"}, "missing_lines": [], "excluded_lines": [], "functions": {"": {"executed_lines": [], "summary": {"covered_lines": 0, "num_statements": 0, "percent_covered": 100.0, "percent_covered_display": "100", "missing_lines": 0, "excluded_lines": 0, "percent_statements_covered": 100.0, "percent_statements_covered_display": "100"}, "missing_lines": [], "excluded_lines": [], "start_line": 1}}, "classes": {"": {"executed_lines": [], "summary": {"covered_lines": 0, "num_statements": 0, "percent_covered": 100.0, "percent_covered_display": "100", "missing_lines": 0, "excluded_lines": 0, "percent_statements_covered": 100.0, "percent_statements_covered_display": "100"}, "missing_lines": [], "excluded_lines": [], "start_line": 1}}}, "src\\codepilot\\api\\router.py": {"executed_lines": [3, 5, 7, 10, 11, 13, 16, 17, 19, 22, 23, 25, 28], "summary": {"covered_lines": 13, "num_statements": 13, "percent_covered": 100.0, "percent_covered_display": "100", "missing_lines": 0, "excluded_lines": 0, "percent_statements_covered": 100.0, "percent_statements_covered_display": "100"}, "missing_lines": [], "excluded_lines": [], "functions": {"health": {"executed_lines": [13], "summary": {"covered_lines": 1, "num_statements": 1, "percent_covered": 100.0, "percent_covered_display": "100", "missing_lines": 0, "excluded_lines": 0, "percent_statements_covered": 100.0, "percent_statements_covered_disp
[...]
_lines": [], "excluded_lines": [], "start_line": 539}, "test_traversal_failures_are_explicit_domain_errors.failing_iter": {"executed_lines": [543, 544], "summary": {"covered_lines": 2, "num_statements": 2, "percent_covered": 100.0, "percent_covered_display": "100", "missing_lines": 0, "excluded_lines": 0, "percent_statements_covered": 100.0, "percent_statements_covered_display": "100"}, "missing_lines": [], "excluded_lines": [], "start_line": 542}, "test_real_metadata_errors_are_explicit": {"executed_lines": [553, 555, 559], "summary": {"covered_lines": 3, "num_statements": 3, "percent_covered": 100.0, "percent_covered_display": "100", "missing_lines": 0, "excluded_lines": 0, "percent_statements_covered": 100.0, "percent_statements_covered_display": "100"}, "missing_lines": [], "excluded_lines": [], "start_line": 552}, "test_real_metadata_errors_are_explicit.scenario": {"executed_lines": [556, 557], "summary": {"covered_lines": 2, "num_statements": 2, "percent_covered": 100.0, "percent_covered_display": "100", "missing_lines": 0, "excluded_lines": 0, "percent_statements_covered": 100.0, "percent_statements_covered_display": "100"}, "missing_lines": [], "excluded_lines": [], "start_line": 555}, "test_real_metadata_accepts_sha256_commit_ids": {"executed_lines": [565, 566, 568, 571], "summary": {"covered_lines": 4, "num_statements": 4, "percent_covered": 100.0, "percent_covered_display": "100", "missing_lines": 0, "excluded_lines": 0, "percent_statements_covered": 100.0, "percent_statements_covered_display": "100"}, "missing_lines": [], "excluded_lines": [], "start_line": 562}, "test_real_metadata_accepts_sha256_commit_ids.scenario": {"executed_lines": [569], "summary": {"covered_lines": 1, "num_statements": 1, "percent_covered": 100.0, "percent_covered_display": "100", "missing_lines": 0, "excluded_lines": 0, "percent_statements_covered": 100.0, "percent_statements_covered_display": "100"}, "missing_lines": [], "excluded_lines": [], "start_line": 568}, "test_process_termination_failure_is_an_explicit_domain_error": {"executed_lines": [575, 576], "summary": {"covered_lines": 2, "num_statements": 2, "percent_covered": 100.0, "percent_covered_display": "100", "missing_lines": 0, "excluded_lines": 0, "percent_statements_covered": 100.0, "percent_statements_covered_display": "100"}, "missing_lines": [], "excluded_lines": [], "start_line": 574}, "": {"executed_lines": [1, 2, 3, 4, 5, 6, 7, 8, 9, 10, 12, 14, 15, 33, 36, 57, 58, 63, 85, 96, 118, 140, 165, 181, 194, 210, 228, 244, 245, 261, 262, 277, 293, 337, 353, 361, 368, 379, 393, 421, 422, 447, 459, 473, 511, 528, 538, 539, 552, 562, 574], "summary": {"covered_lines": 51, "num_statements": 51, "percent_covered": 100.0, "percent_covered_display": "100", "missing_lines": 0, "excluded_lines": 0, "percent_statements_covered": 100.0, "percent_statements_covered_display": "100"}, "missing_lines": [], "excluded_lines": [], "start_line": 1}}, "classes": {"_LocalGitClient": {"executed_lines": [59, 60, 61, 73, 74, 76, 77, 78, 88, 94, 99, 113, 115], "summary": {"covered_lines": 13, "num_statements": 15, "percent_covered": 86.66666666666667, "percent_covered_display": "87", "missing_lines": 2, "excluded_lines": 0, "percent_statements_covered": 86.66666666666667, "percent_statements_covered_display": "87"}, "missing_lines": [75, 114], "excluded_lines": [], "start_line": 57}, "": {"executed_lines": [1, 2, 3, 4, 5, 6, 7, 8, 9, 10, 12, 14, 15, 33, 36, 37, 38, 41, 42, 43, 44, 45, 46, 47, 48, 49, 50, 51, 52, 53, 54, 57, 58, 63, 85, 96, 118, 124, 126, 127, 128, 129, 131, 137, 140, 141, 142, 143, 144, 146, 147, 148, 149, 150, 151, 152, 155, 156, 157, 159, 160, 162, 165, 181, 182, 183, 184, 186, 187, 188, 191, 194, 195, 196, 197, 198, 200, 201, 202, 204, 205, 207, 210, 211, 212, 213, 214, 218, 219, 220, 222, 223, 225, 228, 229, 230, 231, 236, 237, 238, 241, 244, 245, 246, 247, 248, 253, 254, 255, 258, 261, 262, 263, 264, 265, 267, 268, 269, 271, 272, 274, 277, 278, 279, 280, 281, 282, 284, 285, 286, 288, 290, 293, 294, 337, 338, 339, 340, 341, 342, 343, 353, 354, 361, 362, 363, 364, 365, 368, 369, 370, 371, 372, 373, 374, 379, 380, 382, 383, 385, 386, 387, 388, 389, 390, 393, 396, 397, 405, 407, 408, 410, 411, 412, 413, 414, 415, 416, 417, 418, 421, 422, 423, 424, 426, 427, 432, 433, 435, 436, 437, 439, 440, 441, 442, 444, 447, 448, 450, 451, 452, 454, 455, 456, 459, 460, 462, 463, 464, 465, 466, 467, 469, 470, 473, 476, 477, 479, 480, 481, 482, 484, 489, 490, 492, 494, 495, 498, 499, 500, 501, 502, 504, 505, 506, 507, 508, 511, 512, 514, 515, 525, 528, 529, 531, 532, 533, 535, 538, 539, 542, 543, 544, 546, 548, 549, 552, 553, 555, 556, 557, 559, 562, 565, 566, 568, 569, 571, 574, 575, 576], "summary": {"covered_lines": 271, "num_statements": 281, "percent_covered": 96.44128113879003, "percent_covered_display": "96", "missing_lines": 10, "excluded_lines": 0, "percent_statements_covered": 96.44128113879003, "percent_statements_covered_display": "96"}, "missing_lines": [189, 203, 221, 239, 256, 270, 287, 375, 376, 496], "excluded_lines": [], "start_line": 1}}}, "tests\\test_risk_score.py": {"executed_lines": [1, 3, 5, 13, 22, 23, 30, 31, 32, 33, 34, 36, 37, 40, 41, 46, 57, 74, 77, 78, 79, 80], "summary": {"covered_lines": 22, "num_statements": 22, "percent_covered": 100.0, "percent_covered_display": "100", "missing_lines": 0, "excluded_lines": 0, "percent_statements_covered": 100.0, "percent_statements_covered_display": "100"}, "missing_lines": [], "excluded_lines": [], "functions": {"test_risk_score_is_reconstructable_and_weight_changes_are_predictable": {"executed_lines": [23, 30, 31, 32, 33, 34, 36, 37], "summary": {"covered_lines": 8, "num_statements": 8, "percent_covered": 100.0, "percent_covered_display": "100", "missing_lines": 0, "excluded_lines": 0, "percent_statements_covered": 100.0, "percent_statements_covered_display": "100"}, "missing_lines": [], "excluded_lines": [], "start_line": 22}, "test_quality_gates_prioritize_new_findings_and_explain_failures": {"executed_lines": [41, 46, 57, 74], "summary": {"covered_lines": 4, "num_statements": 4, "percent_covered": 100.0, "percent_covered_display": "100", "missing_lines": 0, "excluded_lines": 0, "percent_statements_covered": 100.0, "percent_statements_covered_display": "100"}, "missing_lines": [], "excluded_lines": [], "start_line": 40}, "test_empty_components_have_zero_risk_without_fake_precision": {"executed_lines": [78, 79, 80], "summary": {"covered_lines": 3, "num_statements": 3, "percent_covered": 100.0, "percent_covered_display": "100", "missing_lines": 0, "excluded_lines": 0, "percent_statements_covered": 100.0, "percent_statements_covered_display": "100"}, "missing_lines": [], "excluded_lines": [], "start_line": 77}, "": {"executed_lines": [1, 3, 5, 13, 22, 40, 77], "summary": {"covered_lines": 7, "num_statements": 7, "percent_covered": 100.0, "percent_covered_display": "100", "missing_lines": 0, "excluded_lines": 0, "percent_statements_covered": 100.0, "percent_statements_covered_display": "100"}, "missing_lines": [], "excluded_lines": [], "start_line": 1}}, "classes": {"": {"executed_lines": [1, 3, 5, 13, 22, 23, 30, 31, 32, 33, 34, 36, 37, 40, 41, 46, 57, 74, 77, 78, 79, 80], "summary": {"covered_lines": 22, "num_statements": 22, "percent_covered": 100.0, "percent_covered_display": "100", "missing_lines": 0, "excluded_lines": 0, "percent_statements_covered": 100.0, "percent_statements_covered_display": "100"}, "missing_lines": [], "excluded_lines": [], "start_line": 1}}}, "tests\\test_settings.py": {"executed_lines": [1, 3, 4, 6, 7, 10, 11, 12, 14, 16, 17, 18, 19, 22, 25, 26, 28, 30, 33, 34, 35, 36, 38, 40, 41, 42, 45, 46, 47, 50, 58, 59, 60, 63, 64, 65, 68, 69, 78, 79, 82, 83, 93, 94, 97, 98, 99, 106, 107, 108, 109, 110, 113, 114, 119, 121, 122, 123], "summary": {"covered_lines": 58, "num_statements": 58, "percent_covered": 100.0, "percent_covered_display": "100", "missing_lines": 0, "excluded_lines": 0, "percent_statements_covered": 100.0, "percent_statements_covered_display": "100"}, "missing_lines": [], "excluded_lines": [], "functions": {"test_settings_parse_environment_and_redact_secrets": {"executed_lines": [11, 12, 14, 16, 17, 18, 19], "summary": {"covered_lines": 7, "num_statements": 7, "percent_covered": 100.0, "percent_covered_display": "100", "missing_lines": 0, "excluded_lines": 0, "percent_statements_covered": 100.0, "percent_statements_covered_display": "100"}, "missing_lines": [], "excluded_lines": [], "start_line": 10}, "test_settings_treats_empty_optional_environment_values_as_unset": {"executed_lines": [25, 26, 28, 30], "summary": {"covered_lines": 4, "num_statements": 4, "percent_covered": 100.0, "percent_covered_display": "100", "missing_lines": 0, "excluded_lines": 0, "percent_statements_covered": 100.0, "percent_statements_covered_display": "100"}, "missing_lines": [], "excluded_lines": [], "start_line": 22}, "test_settings_parse_llm_fallbacks_and_budgets": {"executed_lines": [34, 35, 36, 38, 40, 41, 42], "summary": {"covered_lines": 7, "num_statements": 7, "percent_covered": 100.0, "percent_covered_display": "100", "missing_lines": 0, "excluded_lines": 0, "percent_statements_covered": 100.0, "percent_statements_covered_display": "100"}, "missing_lines": [], "excluded_lines": [], "start_line": 33}, "test_production_requires_github_app_credentials_when_enabled": {"executed_lines": [46, 47], "summary": {"covered_lines": 2, "num_statements": 2, "percent_covered": 100.0, "percent_covered_display": "100", "missing_lines": 0, "excluded_lines": 0, "percent_statements_covered": 100.0, "percent_statements_covered_display": "100"}, "missing_lines": [], "excluded_lines": [], "start_line": 45}, "test_settings_reject_invalid_url_schemes": {"executed_lines": [59, 60], "summary": {"covered_lines": 2, "num_statements": 2, "percent_covered": 100.0, "percent_covered_display": "100", "missing_lines": 0, "excluded_lines": 0, "percent_statements_covered": 100.0, "percent_statements_covered_display": "100"}, "missing_lines": [], "excluded_lines": [], "start_line": 58}, "test_production_rejects_unsafe_defaults": {"executed_lines": [64, 65], "summary": {"covered_lines": 2, "num_statements": 2, "percent_covered": 100.0, "percent_covered_display": "100", "missing_lines": 0, "excluded_lines": 0, "percent_statements_covered": 100.0, "percent_statements_covered_display": "100"}, "missing_lines": [], "excluded_lines": [], "start_line": 63}, "test_production_requires_complete_safe_configuration": {"executed_lines": [69, 78, 79], "summary": {"covered_lines": 3, "num_statements": 3, "percent_covered": 100.0, "percent_covered_display": "100", "missing_lines": 0, "excluded_lines": 0, "percent_statements_covered": 100.0, "percent_statements_covered_display": "100"}, "missing_lines": [], "excluded_lines": [], "start_line": 68}, "test_production_requires_tls_redis_urls": {"executed_lines": [83, 93, 94], "summary": {"covered_lines": 3, "num_statements": 3, "percent_covered": 100.0, "percent_covered_display": "100", "missing_lines": 0, "excluded_lines": 0, "percent_statements_covered": 100.0, "percent_statements_covered_display": "100"}, "missing_lines": [], "excluded_lines": [], "start_line": 82}, "test_production_validation_keeps_error_order": {"executed_lines": [98, 99, 106, 107, 108, 109, 110], "summary": {"covered_lines": 7, "num_statements": 7, "percent_covered": 100.0, "percent_covered_display": "100", "missing_lines": 0, "excluded_lines": 0, "percent_statements_covered": 100.0, "percent_statements_covered_display": "100"}, "missing_lines": [], "excluded_lines": [], "start_line": 97}, "test_celery_uses_injected_settings_without_exposing_credentials": {"executed_lines": [114, 119, 121, 122, 123], "summary": {"covered_lines": 5, "num_statements": 5, "percent_covered": 100.0, "percent_covered_display": "100", "missing_lines": 0, "excluded_lines": 0, "percent_statements_covered": 100.0, "percent_statements_covered_display": "100"}, "missing_lines": [], "excluded_lines": [], "start_line": 113}, "": {"executed_lines": [1, 3, 4, 6, 7, 10, 22, 33, 45, 50, 58, 63, 68, 82, 97, 113], "summary": {"covered_lines": 16, "num_statements": 16, "percent_covered": 100.0, "percent_covered_display": "100", "missing_lines": 0, "excluded_lines": 0, "percent_statements_covered": 100.0, "percent_statements_covered_display": "100"}, "missing_lines": [], "excluded_lines": [], "start_line": 1}}, "classes": {"": {"executed_lines": [1, 3, 4, 6, 7, 10, 11, 12, 14, 16, 17, 18, 19, 22, 25, 26, 28, 30, 33, 34, 35, 36, 38, 40, 41, 42, 45, 46, 47, 50, 58, 59, 60, 63, 64, 65, 68, 69, 78, 79, 82, 83, 93, 94, 97, 98, 99, 106, 107, 108, 109, 110, 113, 114, 119, 121, 122, 123], "summary": {"covered_lines": 58, "num_statements": 58, "percent_covered": 100.0, "percent_covered_display": "100", "missing_lines": 0, "excluded_lines": 0, "percent_statements_covered": 100.0, "percent_statements_covered_display": "100"}, "missing_lines": [], "excluded_lines": [], "start_line": 1}}}, "tests\\test_source_context.py": {"executed_lines": [1, 3, 4, 7, 8, 9, 10, 11, 13, 15, 16, 17, 18, 19, 24, 27, 28, 29, 30, 31, 32, 33, 34, 35, 39, 42, 48, 49, 50, 51, 56, 59, 60, 61, 62, 64, 66, 67], "summary": {"covered_lines": 38, "num_statements": 38, "percent_covered": 100.0, "percent_covered_display": "100", "missing_lines": 0, "excluded_lines": 0, "percent_statements_covered": 100.0, "percent_statements_covered_display": "100"}, "missing_lines": [], "excluded_lines": [], "functions": {"test_capture_source_context_includes_five_lines_and_highlight_range": {"executed_lines": [8, 9, 10, 11, 13, 15, 16, 17, 18, 19], "summary": {"covered_lines": 10, "num_statements": 10, "percent_covered": 100.0, "percent_covered_display": "100", "missing_lines": 0, "excluded_lines": 0, "percent_statements_covered": 100.0, "percent_statements_covered_display": "100"}, "missing_lines": [], "excluded_lines": [], "start_line": 7}, "test_capture_source_context_skips_unsafe_binary_sensitive_and_oversized_files": {"executed_lines": [27, 28, 29, 30, 31, 32, 33, 34, 35, 39, 42], "summary": {"covered_lines": 11, "num_statements": 11, "percent_covered": 100.0, "percent_covered_display": "100", "missing_lines": 0, "excluded_lines": 0, "percent_statements_covered": 100.0, "percent_statements_covered_display": "100"}, "missing_lines": [], "excluded_lines": [], "start_line": 24}, "test_capture_source_context_rejects_malformed_finding_ranges": {"executed_lines": [49, 50, 51, 56], "summary": {"covered_lines": 4, "num_statements": 4, "percent_covered": 100.0, "percent_covered_display": "100", "missing_lines": 0, "excluded_lines": 0, "percent_statements_covered": 100.0, "percent_statements_covered_display": "100"}, "missing_lines": [], "excluded_lines": [], "start_line": 48}, "test_capture_source_context_clamps_end_line_to_file_length": {"executed_lines": [60, 61, 62, 64, 66, 67], "summary": {"covered_lines": 6, "num_statements": 6, "percent_covered": 100.0, "percent_covered_display": "100", "missing_lines": 0, "excluded_lines": 0, "percent_statements_covered": 100.0, "percent_statements_covered_display": "100"}, "missing_lines": [], "excluded_lines": [], "start_line": 59}, "": {"executed_lines": [1, 3, 4, 7, 24, 48, 59], "summary": {"covered_lines": 7, "num_statements": 7, "percent_covered": 100.0, "percent_covered_display": "100", "missing_lines": 0, "excluded_lines": 0, "percent_statements_covered": 100.0, "percent_statements_covered_display": "100"}, "missing_lines": [], "excluded_lines": [], "start_line": 1}}, "classes": {"": {"executed_lines": [1, 3, 4, 7, 8, 9, 10, 11, 13, 15, 16, 17, 18, 19, 24, 27, 28, 29, 30, 31, 32, 33, 34, 35, 39, 42, 48, 49, 50, 51, 56, 59, 60, 61, 62, 64, 66, 67], "summary": {"covered_lines": 38, "num_statements": 38, "percent_covered": 100.0, "percent_covered_display": "100", "missing_lines": 0, "excluded_lines": 0, "percent_statements_covered": 100.0, "percent_statements_covered_display": "100"}, "missing_lines": [], "excluded_lines": [], "start_line": 1}}}, "tests\\test_worker.py": {"executed_lines": [1, 2, 3, 4, 6, 8, 16, 17, 20, 30, 31, 32, 34, 36, 37, 40, 41, 42, 43, 44, 47, 53, 62, 65, 66, 68, 69, 70, 75, 76, 78, 79, 81, 82], "summary": {"covered_lines": 34, "num_statements": 39, "percent_covered": 87.17948717948718, "percent_covered_display": "87", "missing_lines": 5, "excluded_lines": 0, "percent_statements_covered": 87.17948717948718, "percent_statements_covered_display": "87"}, "missing_lines": [21, 22, 24, 26, 27], "excluded_lines": [], "functions": {"test_worker_exposes_importable_celery_application": {"executed_lines": [17], "summary": {"covered_lines": 1, "num_statements": 1, "percent_covered": 100.0, "percent_covered_display": "100", "missing_lines": 0, "excluded_lines": 0, "percent_statements_covered": 100.0, "percent_statements_covered_display": "100"}, "missing_lines": [], "excluded_lines": [], "start_line": 16}, "test_worker_uses_safe_local_defaults": {"executed_lines": [], "summary": {"covered_lines": 0, "num_statements": 5, "percent_covered": 0.0, "percent_covered_display": "0", "missing_lines": 5, "excluded_lines": 0, "percent_statements_covered": 0.0, "percent_statements_covered_display": "0"}, "missing_lines": [21, 22, 24, 26, 27], "excluded_lines": [], "start_line": 20}, "test_worker_reads_environment_configuration": {"executed_lines": [31, 32, 34, 36, 37], "summary": {"covered_lines": 5, "num_statements": 5, "percent_covered": 100.0, "percent_covered_display": "100", "missing_lines": 0, "excluded_lines": 0, "percent_statements_covered": 100.0, "percent_statements_covered_display": "100"}, "missing_lines": [], "excluded_lines": [], "start_line": 30}, "test_configured_celery_app_registers_analysis_task_in_fresh_process": {"executed_lines": [41, 42, 43, 44, 47, 53, 62], "summary": {"covered_lines": 7, "num_statements": 7, "percent_covered": 100.0, "percent_covered_display": "100", "missing_lines": 0, "excluded_lines": 0, "percent_statements_covered": 100.0, "percent_statements_covered_display": "100"}, "missing_lines": [], "excluded_lines": [], "start_line": 40}, "test_worker_acknowledgement_and_periodic_recovery_configuration": {"executed_lines": [66, 68, 69, 70], "summary": {"covered_lines": 4, "num_statements": 4, "percent_covered": 100.0, "percent_covered_display": "100", "missing_lines": 0, "excluded_lines": 0, "percent_statements_covered": 100.0, "percent_statements_covered_display": "100"}, "missing_lines": [], "excluded_lines": [], "start_line": 65}, "test_default_worker_service_is_not_cached_across_task_event_loops": {"executed_lines": [76, 78, 79, 81, 82], "summary": {"covered_lines": 5, "num_statements": 5, "percent_covered": 100.0, "percent_covered_display": "100", "missing_lines": 0, "excluded_lines": 0, "percent_statements_covered": 100.0, "percent_statements_covered_display": "100"}, "missing_lines": [], "excluded_lines": [], "start_line": 75}, "": {"executed_lines": [1, 2, 3, 4, 6, 8, 16, 20, 30, 40, 65, 75], "summary": {"covered_lines": 12, "num_statements": 12, "percent_covered": 100.0, "percent_covered_display": "100", "missing_lines": 0, "excluded_lines": 0, "percent_statements_covered": 100.0, "percent_statements_covered_display": "100"}, "missing_lines": [], "excluded_lines": [], "start_line": 1}}, "classes": {"": {"executed_lines": [1, 2, 3, 4, 6, 8, 16, 17, 20, 30, 31, 32, 34, 36, 37, 40, 41, 42, 43, 44, 47, 53, 62, 65, 66, 68, 69, 70, 75, 76, 78, 79, 81, 82], "summary": {"covered_lines": 34, "num_statements": 39, "percent_covered": 87.17948717948718, "percent_covered_display": "87", "missing_lines": 5, "excluded_lines": 0, "percent_statements_covered": 87.17948717948718, "percent_statements_covered_display": "87"}, "missing_lines": [21, 22, 24, 26, 27], "excluded_lines": [], "start_line": 1}}}}, "totals": {"covered_lines": 5606, "num_statements": 6267, "percent_covered": 89.45268868677198, "percent_covered_display": "89", "missing_lines": 661, "excluded_lines": 203, "percent_statements_covered": 89.45268868677198, "percent_statements_covered_display": "89"}}